This file contains any messages produced by compilers while
running configure, to aid debugging if configure makes a mistake.

It was created by libnet configure 1.2, which was
generated by GNU Autoconf 2.69.  Invocation command line was

  $ ./configure --prefix=/build/libnet/../../target --disable-shared --enable-static --host=x86_64-linux-android

## --------- ##
## Platform. ##
## --------- ##

hostname = 57e6a01dd40e
uname -m = x86_64
uname -r = 4.15.0-65-generic
uname -s = Linux
uname -v = #74~16.04.1-Ubuntu SMP Wed Sep 18 09:51:44 UTC 2019

/usr/bin/uname -p = unknown
/bin/uname -X     = unknown

/bin/arch              = unknown
/usr/bin/arch -k       = unknown
/usr/convex/getsysinfo = unknown
/usr/bin/hostinfo      = unknown
/bin/machine           = unknown
/usr/bin/oslevel       = unknown
/bin/universe          = unknown

PATH: /usr/x86_64-linux-android-4.9/bin
PATH: /usr/local/sbin
PATH: /usr/local/bin
PATH: /usr/sbin
PATH: /usr/bin
PATH: /sbin
PATH: /bin
PATH: /usr/x86_64-linux-android-4.9/bin


## ----------- ##
## Core tests. ##
## ----------- ##

configure:2369: checking for a POSIX-compliant shell
configure:2437: result: /bin/bash
configure:2450: checking for a sed that does not truncate output
configure:2514: result: /bin/sed
configure:2523: checking for chmod
configure:2539: found /bin/chmod
configure:2550: result: chmod
configure:2595: checking build system type
configure:2609: result: x86_64-pc-linux-gnu
configure:2629: checking host system type
configure:2642: result: x86_64-pc-linux-android
configure:2662: checking target system type
configure:2675: result: x86_64-pc-linux-android
configure:2719: checking for a BSD-compatible install
configure:2787: result: /usr/bin/install -c
configure:2798: checking whether build environment is sane
configure:2853: result: yes
configure:2910: checking for x86_64-linux-android-strip
configure:2926: found /usr/x86_64-linux-android-4.9/bin/x86_64-linux-android-strip
configure:2937: result: x86_64-linux-android-strip
configure:3002: checking for a thread-safe mkdir -p
configure:3041: result: /bin/mkdir -p
configure:3048: checking for gawk
configure:3078: result: no
configure:3048: checking for mawk
configure:3064: found /usr/bin/mawk
configure:3075: result: mawk
configure:3086: checking whether make sets $(MAKE)
configure:3108: result: yes
configure:3137: checking whether make supports nested variables
configure:3154: result: yes
configure:3291: checking whether make supports nested variables
configure:3308: result: yes
configure:3336: checking for x86_64-linux-android-gcc
configure:3363: result: x86_64-linux-android-clang  --sysroot /usr/x86_64-linux-android-4.9/sysroot
configure:3632: checking for C compiler version
configure:3641: x86_64-linux-android-clang  --sysroot /usr/x86_64-linux-android-4.9/sysroot --version >&5
Android (4751641 based on r328903) clang version 7.0.2 (https://android.googlesource.com/toolchain/clang 003100370607242ddd5815e4a043907ea9004281) (https://android.googlesource.com/toolchain/llvm 1d739ffb0366421d383e04ff80ec2ee591315116) (based on LLVM 7.0.2svn)
Target: x86_64-none-linux-android24
Thread model: posix
InstalledDir: /usr/x86_64-linux-android-4.9/bin
configure:3652: $? = 0
configure:3641: x86_64-linux-android-clang  --sysroot /usr/x86_64-linux-android-4.9/sysroot -v >&5
Android (4751641 based on r328903) clang version 7.0.2 (https://android.googlesource.com/toolchain/clang 003100370607242ddd5815e4a043907ea9004281) (https://android.googlesource.com/toolchain/llvm 1d739ffb0366421d383e04ff80ec2ee591315116) (based on LLVM 7.0.2svn)
Target: x86_64-none-linux-android24
Thread model: posix
InstalledDir: /usr/x86_64-linux-android-4.9/bin
Found candidate GCC installation: /usr/x86_64-linux-android-4.9/bin/../lib/gcc/x86_64-linux-android/4.9.x
Selected GCC installation: /usr/x86_64-linux-android-4.9/bin/../lib/gcc/x86_64-linux-android/4.9.x
Candidate multilib: .;@m64
Selected multilib: .;@m64
configure:3652: $? = 0
configure:3641: x86_64-linux-android-clang  --sysroot /usr/x86_64-linux-android-4.9/sysroot -V >&5
clang70: error: argument to '-V' is missing (expected 1 value)
clang70: error: no input files
configure:3652: $? = 1
configure:3641: x86_64-linux-android-clang  --sysroot /usr/x86_64-linux-android-4.9/sysroot -qversion >&5
clang70: error: unknown argument '-qversion', did you mean '--version'?
clang70: error: no input files
configure:3652: $? = 1
configure:3672: checking whether the C compiler works
configure:3694: x86_64-linux-android-clang  --sysroot /usr/x86_64-linux-android-4.9/sysroot    conftest.c  >&5
configure:3698: $? = 0
configure:3746: result: yes
configure:3749: checking for C compiler default output file name
configure:3751: result: a.out
configure:3757: checking for suffix of executables
configure:3764: x86_64-linux-android-clang  --sysroot /usr/x86_64-linux-android-4.9/sysroot -o conftest    conftest.c  >&5
configure:3768: $? = 0
configure:3790: result: 
configure:3812: checking whether we are cross compiling
configure:3820: x86_64-linux-android-clang  --sysroot /usr/x86_64-linux-android-4.9/sysroot -o conftest    conftest.c  >&5
configure:3824: $? = 0
configure:3831: ./conftest
./configure: line 3833: ./conftest: No such file or directory
configure:3835: $? = 127
configure:3823: result: yes
configure:3828: checking for suffix of object files
configure:3850: x86_64-linux-android-clang  --sysroot /usr/x86_64-linux-android-4.9/sysroot -c   conftest.c >&5
configure:3854: $? = 0
configure:3875: result: o
configure:3879: checking whether we are using the GNU C compiler
configure:3898: x86_64-linux-android-clang  --sysroot /usr/x86_64-linux-android-4.9/sysroot -c   conftest.c >&5
configure:3898: $? = 0
configure:3907: result: yes
configure:3916: checking whether x86_64-linux-android-clang  --sysroot /usr/x86_64-linux-android-4.9/sysroot accepts -g
configure:3936: x86_64-linux-android-clang  --sysroot /usr/x86_64-linux-android-4.9/sysroot -c -g  conftest.c >&5
configure:3936: $? = 0
configure:3977: result: yes
configure:3994: checking for x86_64-linux-android-clang  --sysroot /usr/x86_64-linux-android-4.9/sysroot option to accept ISO C89
configure:4057: x86_64-linux-android-clang  --sysroot /usr/x86_64-linux-android-4.9/sysroot  -c -g -O2  conftest.c >&5
configure:4057: $? = 0
configure:4070: result: none needed
configure:4095: checking whether x86_64-linux-android-clang  --sysroot /usr/x86_64-linux-android-4.9/sysroot understands -c and -o together
configure:4117: x86_64-linux-android-clang  --sysroot /usr/x86_64-linux-android-4.9/sysroot -c conftest.c -o conftest2.o
configure:4120: $? = 0
configure:4117: x86_64-linux-android-clang  --sysroot /usr/x86_64-linux-android-4.9/sysroot -c conftest.c -o conftest2.o
configure:4120: $? = 0
configure:4132: result: yes
configure:4156: checking how to run the C preprocessor
configure:4187: x86_64-linux-android-clang  --sysroot /usr/x86_64-linux-android-4.9/sysroot -E  conftest.c
configure:4187: $? = 0
configure:4201: x86_64-linux-android-clang  --sysroot /usr/x86_64-linux-android-4.9/sysroot -E  conftest.c
conftest.c:11:10: fatal error: 'ac_nonexistent.h' file not found
#include <ac_nonexistent.h>
         ^~~~~~~~~~~~~~~~~~
1 error generated.
configure:4201: $? = 1
configure: failed program was:
| /* confdefs.h */
| #define PACKAGE_NAME "libnet"
| #define PACKAGE_TARNAME "libnet"
| #define PACKAGE_VERSION "1.2"
| #define PACKAGE_STRING "libnet 1.2"
| #define PACKAGE_BUGREPORT "https://github.com/libnet/libnet/issues"
| #define PACKAGE_URL "https://github.com/libnet/libnet"
| #define PACKAGE "libnet"
| #define VERSION "1.2"
| /* end confdefs.h.  */
| #include <ac_nonexistent.h>
configure:4226: result: x86_64-linux-android-clang  --sysroot /usr/x86_64-linux-android-4.9/sysroot -E
configure:4246: x86_64-linux-android-clang  --sysroot /usr/x86_64-linux-android-4.9/sysroot -E  conftest.c
configure:4246: $? = 0
configure:4260: x86_64-linux-android-clang  --sysroot /usr/x86_64-linux-android-4.9/sysroot -E  conftest.c
conftest.c:11:10: fatal error: 'ac_nonexistent.h' file not found
#include <ac_nonexistent.h>
         ^~~~~~~~~~~~~~~~~~
1 error generated.
configure:4260: $? = 1
configure: failed program was:
| /* confdefs.h */
| #define PACKAGE_NAME "libnet"
| #define PACKAGE_TARNAME "libnet"
| #define PACKAGE_VERSION "1.2"
| #define PACKAGE_STRING "libnet 1.2"
| #define PACKAGE_BUGREPORT "https://github.com/libnet/libnet/issues"
| #define PACKAGE_URL "https://github.com/libnet/libnet"
| #define PACKAGE "libnet"
| #define VERSION "1.2"
| /* end confdefs.h.  */
| #include <ac_nonexistent.h>
configure:4289: checking for grep that handles long lines and -e
configure:4347: result: /bin/grep
configure:4352: checking for egrep
configure:4414: result: /bin/grep -E
configure:4419: checking for ANSI C header files
configure:4439: x86_64-linux-android-clang  --sysroot /usr/x86_64-linux-android-4.9/sysroot -c -g -O2  conftest.c >&5
configure:4439: $? = 0
configure:4523: result: yes
configure:4536: checking for sys/types.h
configure:4536: x86_64-linux-android-clang  --sysroot /usr/x86_64-linux-android-4.9/sysroot -c -g -O2  conftest.c >&5
configure:4536: $? = 0
configure:4536: result: yes
configure:4536: checking for sys/stat.h
configure:4536: x86_64-linux-android-clang  --sysroot /usr/x86_64-linux-android-4.9/sysroot -c -g -O2  conftest.c >&5
configure:4536: $? = 0
configure:4536: result: yes
configure:4536: checking for stdlib.h
configure:4536: x86_64-linux-android-clang  --sysroot /usr/x86_64-linux-android-4.9/sysroot -c -g -O2  conftest.c >&5
configure:4536: $? = 0
configure:4536: result: yes
configure:4536: checking for string.h
configure:4536: x86_64-linux-android-clang  --sysroot /usr/x86_64-linux-android-4.9/sysroot -c -g -O2  conftest.c >&5
configure:4536: $? = 0
configure:4536: result: yes
configure:4536: checking for memory.h
configure:4536: x86_64-linux-android-clang  --sysroot /usr/x86_64-linux-android-4.9/sysroot -c -g -O2  conftest.c >&5
configure:4536: $? = 0
configure:4536: result: yes
configure:4536: checking for strings.h
configure:4536: x86_64-linux-android-clang  --sysroot /usr/x86_64-linux-android-4.9/sysroot -c -g -O2  conftest.c >&5
configure:4536: $? = 0
configure:4536: result: yes
configure:4536: checking for inttypes.h
configure:4536: x86_64-linux-android-clang  --sysroot /usr/x86_64-linux-android-4.9/sysroot -c -g -O2  conftest.c >&5
configure:4536: $? = 0
configure:4536: result: yes
configure:4536: checking for stdint.h
configure:4536: x86_64-linux-android-clang  --sysroot /usr/x86_64-linux-android-4.9/sysroot -c -g -O2  conftest.c >&5
configure:4536: $? = 0
configure:4536: result: yes
configure:4536: checking for unistd.h
configure:4536: x86_64-linux-android-clang  --sysroot /usr/x86_64-linux-android-4.9/sysroot -c -g -O2  conftest.c >&5
configure:4536: $? = 0
configure:4536: result: yes
configure:4549: checking minix/config.h usability
configure:4549: x86_64-linux-android-clang  --sysroot /usr/x86_64-linux-android-4.9/sysroot -c -g -O2  conftest.c >&5
conftest.c:54:10: fatal error: 'minix/config.h' file not found
#include <minix/config.h>
         ^~~~~~~~~~~~~~~~
1 error generated.
configure:4549: $? = 1
configure: failed program was:
| /* confdefs.h */
| #define PACKAGE_NAME "libnet"
| #define PACKAGE_TARNAME "libnet"
| #define PACKAGE_VERSION "1.2"
| #define PACKAGE_STRING "libnet 1.2"
| #define PACKAGE_BUGREPORT "https://github.com/libnet/libnet/issues"
| #define PACKAGE_URL "https://github.com/libnet/libnet"
| #define PACKAGE "libnet"
| #define VERSION "1.2"
| #define STDC_HEADERS 1
| #define HAVE_SYS_TYPES_H 1
| #define HAVE_SYS_STAT_H 1
| #define HAVE_STDLIB_H 1
| #define HAVE_STRING_H 1
| #define HAVE_MEMORY_H 1
| #define HAVE_STRINGS_H 1
| #define HAVE_INTTYPES_H 1
| #define HAVE_STDINT_H 1
| #define HAVE_UNISTD_H 1
| /* end confdefs.h.  */
| #include <stdio.h>
| #ifdef HAVE_SYS_TYPES_H
| # include <sys/types.h>
| #endif
| #ifdef HAVE_SYS_STAT_H
| # include <sys/stat.h>
| #endif
| #ifdef STDC_HEADERS
| # include <stdlib.h>
| # include <stddef.h>
| #else
| # ifdef HAVE_STDLIB_H
| #  include <stdlib.h>
| # endif
| #endif
| #ifdef HAVE_STRING_H
| # if !defined STDC_HEADERS && defined HAVE_MEMORY_H
| #  include <memory.h>
| # endif
| # include <string.h>
| #endif
| #ifdef HAVE_STRINGS_H
| # include <strings.h>
| #endif
| #ifdef HAVE_INTTYPES_H
| # include <inttypes.h>
| #endif
| #ifdef HAVE_STDINT_H
| # include <stdint.h>
| #endif
| #ifdef HAVE_UNISTD_H
| # include <unistd.h>
| #endif
| #include <minix/config.h>
configure:4549: result: no
configure:4549: checking minix/config.h presence
configure:4549: x86_64-linux-android-clang  --sysroot /usr/x86_64-linux-android-4.9/sysroot -E  conftest.c
conftest.c:21:10: fatal error: 'minix/config.h' file not found
#include <minix/config.h>
         ^~~~~~~~~~~~~~~~
1 error generated.
configure:4549: $? = 1
configure: failed program was:
| /* confdefs.h */
| #define PACKAGE_NAME "libnet"
| #define PACKAGE_TARNAME "libnet"
| #define PACKAGE_VERSION "1.2"
| #define PACKAGE_STRING "libnet 1.2"
| #define PACKAGE_BUGREPORT "https://github.com/libnet/libnet/issues"
| #define PACKAGE_URL "https://github.com/libnet/libnet"
| #define PACKAGE "libnet"
| #define VERSION "1.2"
| #define STDC_HEADERS 1
| #define HAVE_SYS_TYPES_H 1
| #define HAVE_SYS_STAT_H 1
| #define HAVE_STDLIB_H 1
| #define HAVE_STRING_H 1
| #define HAVE_MEMORY_H 1
| #define HAVE_STRINGS_H 1
| #define HAVE_INTTYPES_H 1
| #define HAVE_STDINT_H 1
| #define HAVE_UNISTD_H 1
| /* end confdefs.h.  */
| #include <minix/config.h>
configure:4549: result: no
configure:4549: checking for minix/config.h
configure:4549: result: no
configure:4570: checking whether it is safe to define __EXTENSIONS__
configure:4588: x86_64-linux-android-clang  --sysroot /usr/x86_64-linux-android-4.9/sysroot -c -g -O2  conftest.c >&5
configure:4588: $? = 0
configure:4595: result: yes
configure:4657: checking how to print strings
configure:4684: result: printf
configure:4705: checking for a sed that does not truncate output
configure:4769: result: /bin/sed
configure:4787: checking for fgrep
configure:4849: result: /bin/grep -F
configure:4884: checking for ld used by x86_64-linux-android-clang  --sysroot /usr/x86_64-linux-android-4.9/sysroot
configure:4951: result: /usr/x86_64-linux-android-4.9/x86_64-linux-android/bin/ld
configure:4958: checking if the linker (/usr/x86_64-linux-android-4.9/x86_64-linux-android/bin/ld) is GNU ld
configure:4973: result: yes
configure:4985: checking for BSD- or MS-compatible name lister (nm)
configure:5039: result: /usr/x86_64-linux-android-4.9/bin/x86_64-linux-android-nm -B
configure:5169: checking the name lister (/usr/x86_64-linux-android-4.9/bin/x86_64-linux-android-nm -B) interface
configure:5176: x86_64-linux-android-clang  --sysroot /usr/x86_64-linux-android-4.9/sysroot -c -g -O2  conftest.c >&5
configure:5179: /usr/x86_64-linux-android-4.9/bin/x86_64-linux-android-nm -B "conftest.o"
configure:5182: output
0000000000000000 B some_variable
configure:5183: result: BSD nm
configure:5186: checking whether ln -s works
configure:5190: result: yes
configure:5198: checking the maximum length of command line arguments
configure:5329: result: 1572864
configure:5377: checking how to convert x86_64-pc-linux-gnu file names to x86_64-pc-linux-android format
configure:5417: result: func_convert_file_noop
configure:5424: checking how to convert x86_64-pc-linux-gnu file names to toolchain format
configure:5444: result: func_convert_file_noop
configure:5451: checking for /usr/x86_64-linux-android-4.9/x86_64-linux-android/bin/ld option to reload object files
configure:5458: result: -r
configure:5492: checking for x86_64-linux-android-objdump
configure:5508: found /usr/x86_64-linux-android-4.9/bin/x86_64-linux-android-objdump
configure:5519: result: x86_64-linux-android-objdump
configure:5591: checking how to recognize dependent libraries
configure:5791: result: pass_all
configure:5836: checking for x86_64-linux-android-dlltool
configure:5866: result: no
configure:5876: checking for dlltool
configure:5906: result: no
configure:5936: checking how to associate runtime and link libraries
configure:5963: result: printf %s\n
configure:5979: checking for x86_64-linux-android-ar
configure:5995: found /usr/x86_64-linux-android-4.9/bin/x86_64-linux-android-ar
configure:6006: result: x86_64-linux-android-ar
configure:6087: checking for archiver @FILE support
configure:6104: x86_64-linux-android-clang  --sysroot /usr/x86_64-linux-android-4.9/sysroot -c -g -O2  conftest.c >&5
configure:6104: $? = 0
configure:6107: x86_64-linux-android-ar cru libconftest.a @conftest.lst >&5
configure:6110: $? = 0
configure:6115: x86_64-linux-android-ar cru libconftest.a @conftest.lst >&5
x86_64-linux-android-ar: conftest.o: No such file or directory
configure:6118: $? = 1
configure:6117: result: @
configure:6135: checking for x86_64-linux-android-strip
configure:6162: result: x86_64-linux-android-strip
configure:6234: checking for x86_64-linux-android-ranlib
configure:6250: found /usr/x86_64-linux-android-4.9/bin/x86_64-linux-android-ranlib
configure:6261: result: x86_64-linux-android-ranlib
configure:6403: checking command to parse /usr/x86_64-linux-android-4.9/bin/x86_64-linux-android-nm -B output from x86_64-linux-android-clang  --sysroot /usr/x86_64-linux-android-4.9/sysroot object
configure:6556: x86_64-linux-android-clang  --sysroot /usr/x86_64-linux-android-4.9/sysroot -c -g -O2  conftest.c >&5
configure:6559: $? = 0
configure:6563: /usr/x86_64-linux-android-4.9/bin/x86_64-linux-android-nm -B conftest.o | sed -n -e 's/^.*[	 ]\([ABCDGIRSTW][ABCDGIRSTW]*\)[	 ][	 ]*\([_A-Za-z][_A-Za-z0-9]*\)$/\1 \2 \2/p' | sed '/ __gnu_lto/d' > conftest.nm
configure:6629: x86_64-linux-android-clang  --sysroot /usr/x86_64-linux-android-4.9/sysroot -o conftest -g -O2   conftest.c conftstm.o >&5
configure:6632: $? = 0
configure:6670: result: ok
configure:6717: checking for sysroot
configure:6747: result: no
configure:6754: checking for a working dd
configure:6792: result: /bin/dd
configure:6796: checking how to truncate binary pipes
configure:6811: result: /bin/dd bs=4096 count=1
configure:6947: x86_64-linux-android-clang  --sysroot /usr/x86_64-linux-android-4.9/sysroot -c -g -O2  conftest.c >&5
configure:6950: $? = 0
configure:7100: checking for x86_64-linux-android-mt
configure:7130: result: no
configure:7140: checking for mt
configure:7170: result: no
configure:7190: checking if : is a manifest tool
configure:7196: : '-?'
configure:7204: result: no
configure:7878: checking for dlfcn.h
configure:7878: x86_64-linux-android-clang  --sysroot /usr/x86_64-linux-android-4.9/sysroot -c -g -O2  conftest.c >&5
configure:7878: $? = 0
configure:7878: result: yes
configure:8133: checking for objdir
configure:8148: result: .libs
configure:8412: checking if x86_64-linux-android-clang  --sysroot /usr/x86_64-linux-android-4.9/sysroot supports -fno-rtti -fno-exceptions
configure:8430: x86_64-linux-android-clang  --sysroot /usr/x86_64-linux-android-4.9/sysroot -c -g -O2  -fno-rtti -fno-exceptions conftest.c >&5
configure:8434: $? = 0
configure:8447: result: yes
configure:8805: checking for x86_64-linux-android-clang  --sysroot /usr/x86_64-linux-android-4.9/sysroot option to produce PIC
configure:8812: result: -fPIC -DPIC
configure:8820: checking if x86_64-linux-android-clang  --sysroot /usr/x86_64-linux-android-4.9/sysroot PIC flag -fPIC -DPIC works
configure:8838: x86_64-linux-android-clang  --sysroot /usr/x86_64-linux-android-4.9/sysroot -c -g -O2  -fPIC -DPIC -DPIC conftest.c >&5
configure:8842: $? = 0
configure:8855: result: yes
configure:8884: checking if x86_64-linux-android-clang  --sysroot /usr/x86_64-linux-android-4.9/sysroot static flag -static works
configure:8912: result: yes
configure:8927: checking if x86_64-linux-android-clang  --sysroot /usr/x86_64-linux-android-4.9/sysroot supports -c -o file.o
configure:8948: x86_64-linux-android-clang  --sysroot /usr/x86_64-linux-android-4.9/sysroot -c -g -O2  -o out/conftest2.o conftest.c >&5
configure:8952: $? = 0
configure:8974: result: yes
configure:8982: checking if x86_64-linux-android-clang  --sysroot /usr/x86_64-linux-android-4.9/sysroot supports -c -o file.o
configure:9029: result: yes
configure:9062: checking whether the x86_64-linux-android-clang  --sysroot /usr/x86_64-linux-android-4.9/sysroot linker (/usr/x86_64-linux-android-4.9/x86_64-linux-android/bin/ld -m elf_x86_64) supports shared libraries
configure:10325: result: yes
configure:10565: checking dynamic linker characteristics
configure:11395: result: Android linker
configure:11517: checking how to hardcode library paths into programs
configure:11542: result: immediate
configure:12090: checking whether stripping libraries is possible
configure:12095: result: yes
configure:12130: checking if libtool supports shared libraries
configure:12132: result: yes
configure:12135: checking whether to build shared libraries
configure:12160: result: no
configure:12163: checking whether to build static libraries
configure:12167: result: yes
configure:8986: checking sys/sockio.h usability
configure:8986: x86_64-linux-android-clang  --sysroot /usr/x86_64-linux-android-4.9/sysroot -c -g -O2  conftest.c >&5
conftest.c:61:10: fatal error: 'sys/sockio.h' file not found
#include <sys/sockio.h>
         ^~~~~~~~~~~~~~
1 error generated.
configure:8986: $? = 1
configure: failed program was:
| /* confdefs.h */
| #define PACKAGE_NAME "libnet"
| #define PACKAGE_TARNAME "libnet"
| #define PACKAGE_VERSION "1.2"
| #define PACKAGE_STRING "libnet 1.2"
| #define PACKAGE_BUGREPORT "https://github.com/libnet/libnet/issues"
| #define PACKAGE_URL "https://github.com/libnet/libnet"
| #define PACKAGE "libnet"
| #define VERSION "1.2"
| #define STDC_HEADERS 1
| #define HAVE_SYS_TYPES_H 1
| #define HAVE_SYS_STAT_H 1
| #define HAVE_STDLIB_H 1
| #define HAVE_STRING_H 1
| #define HAVE_MEMORY_H 1
| #define HAVE_STRINGS_H 1
| #define HAVE_INTTYPES_H 1
| #define HAVE_STDINT_H 1
| #define HAVE_UNISTD_H 1
| #define __EXTENSIONS__ 1
| #define _ALL_SOURCE 1
| #define _GNU_SOURCE 1
| #define _POSIX_PTHREAD_SEMANTICS 1
| #define _TANDEM_SOURCE 1
| #define HAVE_DLFCN_H 1
| #define LT_OBJDIR ".libs/"
| /* end confdefs.h.  */
| #include <stdio.h>
| #ifdef HAVE_SYS_TYPES_H
| # include <sys/types.h>
| #endif
| #ifdef HAVE_SYS_STAT_H
| # include <sys/stat.h>
| #endif
| #ifdef STDC_HEADERS
| # include <stdlib.h>
| # include <stddef.h>
| #else
| # ifdef HAVE_STDLIB_H
| #  include <stdlib.h>
| # endif
| #endif
| #ifdef HAVE_STRING_H
| # if !defined STDC_HEADERS && defined HAVE_MEMORY_H
| #  include <memory.h>
| # endif
| # include <string.h>
| #endif
| #ifdef HAVE_STRINGS_H
| # include <strings.h>
| #endif
| #ifdef HAVE_INTTYPES_H
| # include <inttypes.h>
| #endif
| #ifdef HAVE_STDINT_H
| # include <stdint.h>
| #endif
| #ifdef HAVE_UNISTD_H
| # include <unistd.h>
| #endif
| #include <sys/sockio.h>
configure:8986: result: no
configure:8986: checking sys/sockio.h presence
configure:8986: x86_64-linux-android-clang  --sysroot /usr/x86_64-linux-android-4.9/sysroot -E  conftest.c
conftest.c:28:10: fatal error: 'sys/sockio.h' file not found
#include <sys/sockio.h>
         ^~~~~~~~~~~~~~
1 error generated.
configure:8986: $? = 1
configure: failed program was:
| /* confdefs.h */
| #define PACKAGE_NAME "libnet"
| #define PACKAGE_TARNAME "libnet"
| #define PACKAGE_VERSION "1.2"
| #define PACKAGE_STRING "libnet 1.2"
| #define PACKAGE_BUGREPORT "https://github.com/libnet/libnet/issues"
| #define PACKAGE_URL "https://github.com/libnet/libnet"
| #define PACKAGE "libnet"
| #define VERSION "1.2"
| #define STDC_HEADERS 1
| #define HAVE_SYS_TYPES_H 1
| #define HAVE_SYS_STAT_H 1
| #define HAVE_STDLIB_H 1
| #define HAVE_STRING_H 1
| #define HAVE_MEMORY_H 1
| #define HAVE_STRINGS_H 1
| #define HAVE_INTTYPES_H 1
| #define HAVE_STDINT_H 1
| #define HAVE_UNISTD_H 1
| #define __EXTENSIONS__ 1
| #define _ALL_SOURCE 1
| #define _GNU_SOURCE 1
| #define _POSIX_PTHREAD_SEMANTICS 1
| #define _TANDEM_SOURCE 1
| #define HAVE_DLFCN_H 1
| #define LT_OBJDIR ".libs/"
| /* end confdefs.h.  */
| #include <sys/sockio.h>
configure:8986: result: no
configure:8986: checking for sys/sockio.h
configure:8986: result: no
configure:8998: checking for gethostbyname2
configure:8998: x86_64-linux-android-clang  --sysroot /usr/x86_64-linux-android-4.9/sysroot -o conftest -g -O2   conftest.c  >&5
configure:8998: $? = 0
configure:8998: result: yes
configure:9009: checking for getifaddrs
configure:9009: x86_64-linux-android-clang  --sysroot /usr/x86_64-linux-android-4.9/sysroot -o conftest -g -O2   conftest.c  >&5
configure:9009: $? = 0
configure:9009: result: yes
configure:9018: checking for uint16_t
configure:9018: x86_64-linux-android-clang  --sysroot /usr/x86_64-linux-android-4.9/sysroot -c -g -O2  conftest.c >&5
configure:9018: $? = 0
configure:9018: result: yes
configure:9030: checking for uint32_t
configure:9030: x86_64-linux-android-clang  --sysroot /usr/x86_64-linux-android-4.9/sysroot -c -g -O2  conftest.c >&5
configure:9030: $? = 0
configure:9030: result: yes
configure:9044: checking for uint64_t
configure:9044: x86_64-linux-android-clang  --sysroot /usr/x86_64-linux-android-4.9/sysroot -c -g -O2  conftest.c >&5
configure:9044: $? = 0
configure:9044: result: yes
configure:9059: checking for socklen_t
configure:9075: x86_64-linux-android-clang  --sysroot /usr/x86_64-linux-android-4.9/sysroot -c -g -O2  conftest.c >&5
configure:9075: $? = 0
configure:9087: result: yes
configure:9093: checking whether byte ordering is bigendian
configure:9108: x86_64-linux-android-clang  --sysroot /usr/x86_64-linux-android-4.9/sysroot -c -g -O2  conftest.c >&5
conftest.c:32:9: error: unknown type name 'not'
               not a universal capable compiler
               ^
conftest.c:32:14: error: expected ';' after top level declarator
               not a universal capable compiler
                    ^
                    ;
2 errors generated.
configure:9108: $? = 1
configure: failed program was:
| /* confdefs.h */
| #define PACKAGE_NAME "libnet"
| #define PACKAGE_TARNAME "libnet"
| #define PACKAGE_VERSION "1.2"
| #define PACKAGE_STRING "libnet 1.2"
| #define PACKAGE_BUGREPORT "https://github.com/libnet/libnet/issues"
| #define PACKAGE_URL "https://github.com/libnet/libnet"
| #define PACKAGE "libnet"
| #define VERSION "1.2"
| #define STDC_HEADERS 1
| #define HAVE_SYS_TYPES_H 1
| #define HAVE_SYS_STAT_H 1
| #define HAVE_STDLIB_H 1
| #define HAVE_STRING_H 1
| #define HAVE_MEMORY_H 1
| #define HAVE_STRINGS_H 1
| #define HAVE_INTTYPES_H 1
| #define HAVE_STDINT_H 1
| #define HAVE_UNISTD_H 1
| #define __EXTENSIONS__ 1
| #define _ALL_SOURCE 1
| #define _GNU_SOURCE 1
| #define _POSIX_PTHREAD_SEMANTICS 1
| #define _TANDEM_SOURCE 1
| #define HAVE_DLFCN_H 1
| #define LT_OBJDIR ".libs/"
| #define HAVE_GETHOSTBYNAME2 1
| #define HAVE_GETIFADDRS 1
| #define HAVE_SOCKLEN_T 1
| /* end confdefs.h.  */
| #ifndef __APPLE_CC__
| 	       not a universal capable compiler
| 	     #endif
| 	     typedef int dummy;
| 
configure:9153: x86_64-linux-android-clang  --sysroot /usr/x86_64-linux-android-4.9/sysroot -c -g -O2  conftest.c >&5
conftest.c:38:8: error: use of undeclared identifier 'bogus'
              bogus endian macros
              ^
1 error generated.
configure:9153: $? = 1
configure: failed program was:
| /* confdefs.h */
| #define PACKAGE_NAME "libnet"
| #define PACKAGE_TARNAME "libnet"
| #define PACKAGE_VERSION "1.2"
| #define PACKAGE_STRING "libnet 1.2"
| #define PACKAGE_BUGREPORT "https://github.com/libnet/libnet/issues"
| #define PACKAGE_URL "https://github.com/libnet/libnet"
| #define PACKAGE "libnet"
| #define VERSION "1.2"
| #define STDC_HEADERS 1
| #define HAVE_SYS_TYPES_H 1
| #define HAVE_SYS_STAT_H 1
| #define HAVE_STDLIB_H 1
| #define HAVE_STRING_H 1
| #define HAVE_MEMORY_H 1
| #define HAVE_STRINGS_H 1
| #define HAVE_INTTYPES_H 1
| #define HAVE_STDINT_H 1
| #define HAVE_UNISTD_H 1
| #define __EXTENSIONS__ 1
| #define _ALL_SOURCE 1
| #define _GNU_SOURCE 1
| #define _POSIX_PTHREAD_SEMANTICS 1
| #define _TANDEM_SOURCE 1
| #define HAVE_DLFCN_H 1
| #define LT_OBJDIR ".libs/"
| #define HAVE_GETHOSTBYNAME2 1
| #define HAVE_GETIFADDRS 1
| #define HAVE_SOCKLEN_T 1
| /* end confdefs.h.  */
| #include <sys/types.h>
| 	     #include <sys/param.h>
| 
| int
| main ()
| {
| #if ! (defined BYTE_ORDER && defined BIG_ENDIAN 		     && defined LITTLE_ENDIAN && BYTE_ORDER && BIG_ENDIAN 		     && LITTLE_ENDIAN)
| 	      bogus endian macros
| 	     #endif
| 
|   ;
|   return 0;
| }
configure:9197: x86_64-linux-android-clang  --sysroot /usr/x86_64-linux-android-4.9/sysroot -c -g -O2  conftest.c >&5
conftest.c:37:8: error: use of undeclared identifier 'bogus'
              bogus endian macros
              ^
1 error generated.
configure:9197: $? = 1
configure: failed program was:
| /* confdefs.h */
| #define PACKAGE_NAME "libnet"
| #define PACKAGE_TARNAME "libnet"
| #define PACKAGE_VERSION "1.2"
| #define PACKAGE_STRING "libnet 1.2"
| #define PACKAGE_BUGREPORT "https://github.com/libnet/libnet/issues"
| #define PACKAGE_URL "https://github.com/libnet/libnet"
| #define PACKAGE "libnet"
| #define VERSION "1.2"
| #define STDC_HEADERS 1
| #define HAVE_SYS_TYPES_H 1
| #define HAVE_SYS_STAT_H 1
| #define HAVE_STDLIB_H 1
| #define HAVE_STRING_H 1
| #define HAVE_MEMORY_H 1
| #define HAVE_STRINGS_H 1
| #define HAVE_INTTYPES_H 1
| #define HAVE_STDINT_H 1
| #define HAVE_UNISTD_H 1
| #define __EXTENSIONS__ 1
| #define _ALL_SOURCE 1
| #define _GNU_SOURCE 1
| #define _POSIX_PTHREAD_SEMANTICS 1
| #define _TANDEM_SOURCE 1
| #define HAVE_DLFCN_H 1
| #define LT_OBJDIR ".libs/"
| #define HAVE_GETHOSTBYNAME2 1
| #define HAVE_GETIFADDRS 1
| #define HAVE_SOCKLEN_T 1
| /* end confdefs.h.  */
| #include <limits.h>
| 
| int
| main ()
| {
| #if ! (defined _LITTLE_ENDIAN || defined _BIG_ENDIAN)
| 	      bogus endian macros
| 	     #endif
| 
|   ;
|   return 0;
| }
configure:9253: x86_64-linux-android-clang  --sysroot /usr/x86_64-linux-android-4.9/sysroot -c -g -O2  conftest.c >&5
configure:9253: $? = 0
configure:9299: result: no
configure:9350: checking net/pfilt.h usability
configure:9350: x86_64-linux-android-clang  --sysroot /usr/x86_64-linux-android-4.9/sysroot -c -g -O2  conftest.c >&5
conftest.c:65:10: fatal error: 'net/pfilt.h' file not found
#include <net/pfilt.h>
         ^~~~~~~~~~~~~
1 error generated.
configure:9350: $? = 1
configure: failed program was:
| /* confdefs.h */
| #define PACKAGE_NAME "libnet"
| #define PACKAGE_TARNAME "libnet"
| #define PACKAGE_VERSION "1.2"
| #define PACKAGE_STRING "libnet 1.2"
| #define PACKAGE_BUGREPORT "https://github.com/libnet/libnet/issues"
| #define PACKAGE_URL "https://github.com/libnet/libnet"
| #define PACKAGE "libnet"
| #define VERSION "1.2"
| #define STDC_HEADERS 1
| #define HAVE_SYS_TYPES_H 1
| #define HAVE_SYS_STAT_H 1
| #define HAVE_STDLIB_H 1
| #define HAVE_STRING_H 1
| #define HAVE_MEMORY_H 1
| #define HAVE_STRINGS_H 1
| #define HAVE_INTTYPES_H 1
| #define HAVE_STDINT_H 1
| #define HAVE_UNISTD_H 1
| #define __EXTENSIONS__ 1
| #define _ALL_SOURCE 1
| #define _GNU_SOURCE 1
| #define _POSIX_PTHREAD_SEMANTICS 1
| #define _TANDEM_SOURCE 1
| #define HAVE_DLFCN_H 1
| #define LT_OBJDIR ".libs/"
| #define HAVE_GETHOSTBYNAME2 1
| #define HAVE_GETIFADDRS 1
| #define HAVE_SOCKLEN_T 1
| #define LIBNET_LIL_ENDIAN 1
| /* end confdefs.h.  */
| #include <stdio.h>
| #ifdef HAVE_SYS_TYPES_H
| # include <sys/types.h>
| #endif
| #ifdef HAVE_SYS_STAT_H
| # include <sys/stat.h>
| #endif
| #ifdef STDC_HEADERS
| # include <stdlib.h>
| # include <stddef.h>
| #else
| # ifdef HAVE_STDLIB_H
| #  include <stdlib.h>
| # endif
| #endif
| #ifdef HAVE_STRING_H
| # if !defined STDC_HEADERS && defined HAVE_MEMORY_H
| #  include <memory.h>
| # endif
| # include <string.h>
| #endif
| #ifdef HAVE_STRINGS_H
| # include <strings.h>
| #endif
| #ifdef HAVE_INTTYPES_H
| # include <inttypes.h>
| #endif
| #ifdef HAVE_STDINT_H
| # include <stdint.h>
| #endif
| #ifdef HAVE_UNISTD_H
| # include <unistd.h>
| #endif
| #include <net/pfilt.h>
configure:9350: result: no
configure:9350: checking net/pfilt.h presence
configure:9350: x86_64-linux-android-clang  --sysroot /usr/x86_64-linux-android-4.9/sysroot -E  conftest.c
conftest.c:32:10: fatal error: 'net/pfilt.h' file not found
#include <net/pfilt.h>
         ^~~~~~~~~~~~~
1 error generated.
configure:9350: $? = 1
configure: failed program was:
| /* confdefs.h */
| #define PACKAGE_NAME "libnet"
| #define PACKAGE_TARNAME "libnet"
| #define PACKAGE_VERSION "1.2"
| #define PACKAGE_STRING "libnet 1.2"
| #define PACKAGE_BUGREPORT "https://github.com/libnet/libnet/issues"
| #define PACKAGE_URL "https://github.com/libnet/libnet"
| #define PACKAGE "libnet"
| #define VERSION "1.2"
| #define STDC_HEADERS 1
| #define HAVE_SYS_TYPES_H 1
| #define HAVE_SYS_STAT_H 1
| #define HAVE_STDLIB_H 1
| #define HAVE_STRING_H 1
| #define HAVE_MEMORY_H 1
| #define HAVE_STRINGS_H 1
| #define HAVE_INTTYPES_H 1
| #define HAVE_STDINT_H 1
| #define HAVE_UNISTD_H 1
| #define __EXTENSIONS__ 1
| #define _ALL_SOURCE 1
| #define _GNU_SOURCE 1
| #define _POSIX_PTHREAD_SEMANTICS 1
| #define _TANDEM_SOURCE 1
| #define HAVE_DLFCN_H 1
| #define LT_OBJDIR ".libs/"
| #define HAVE_GETHOSTBYNAME2 1
| #define HAVE_GETIFADDRS 1
| #define HAVE_SOCKLEN_T 1
| #define LIBNET_LIL_ENDIAN 1
| /* end confdefs.h.  */
| #include <net/pfilt.h>
configure:9350: result: no
configure:9350: checking for net/pfilt.h
configure:9350: result: no
configure:9350: checking sys/net/nit.h usability
configure:9350: x86_64-linux-android-clang  --sysroot /usr/x86_64-linux-android-4.9/sysroot -c -g -O2  conftest.c >&5
conftest.c:65:10: fatal error: 'sys/net/nit.h' file not found
#include <sys/net/nit.h>
         ^~~~~~~~~~~~~~~
1 error generated.
configure:9350: $? = 1
configure: failed program was:
| /* confdefs.h */
| #define PACKAGE_NAME "libnet"
| #define PACKAGE_TARNAME "libnet"
| #define PACKAGE_VERSION "1.2"
| #define PACKAGE_STRING "libnet 1.2"
| #define PACKAGE_BUGREPORT "https://github.com/libnet/libnet/issues"
| #define PACKAGE_URL "https://github.com/libnet/libnet"
| #define PACKAGE "libnet"
| #define VERSION "1.2"
| #define STDC_HEADERS 1
| #define HAVE_SYS_TYPES_H 1
| #define HAVE_SYS_STAT_H 1
| #define HAVE_STDLIB_H 1
| #define HAVE_STRING_H 1
| #define HAVE_MEMORY_H 1
| #define HAVE_STRINGS_H 1
| #define HAVE_INTTYPES_H 1
| #define HAVE_STDINT_H 1
| #define HAVE_UNISTD_H 1
| #define __EXTENSIONS__ 1
| #define _ALL_SOURCE 1
| #define _GNU_SOURCE 1
| #define _POSIX_PTHREAD_SEMANTICS 1
| #define _TANDEM_SOURCE 1
| #define HAVE_DLFCN_H 1
| #define LT_OBJDIR ".libs/"
| #define HAVE_GETHOSTBYNAME2 1
| #define HAVE_GETIFADDRS 1
| #define HAVE_SOCKLEN_T 1
| #define LIBNET_LIL_ENDIAN 1
| /* end confdefs.h.  */
| #include <stdio.h>
| #ifdef HAVE_SYS_TYPES_H
| # include <sys/types.h>
| #endif
| #ifdef HAVE_SYS_STAT_H
| # include <sys/stat.h>
| #endif
| #ifdef STDC_HEADERS
| # include <stdlib.h>
| # include <stddef.h>
| #else
| # ifdef HAVE_STDLIB_H
| #  include <stdlib.h>
| # endif
| #endif
| #ifdef HAVE_STRING_H
| # if !defined STDC_HEADERS && defined HAVE_MEMORY_H
| #  include <memory.h>
| # endif
| # include <string.h>
| #endif
| #ifdef HAVE_STRINGS_H
| # include <strings.h>
| #endif
| #ifdef HAVE_INTTYPES_H
| # include <inttypes.h>
| #endif
| #ifdef HAVE_STDINT_H
| # include <stdint.h>
| #endif
| #ifdef HAVE_UNISTD_H
| # include <unistd.h>
| #endif
| #include <sys/net/nit.h>
configure:9350: result: no
configure:9350: checking sys/net/nit.h presence
configure:9350: x86_64-linux-android-clang  --sysroot /usr/x86_64-linux-android-4.9/sysroot -E  conftest.c
conftest.c:32:10: fatal error: 'sys/net/nit.h' file not found
#include <sys/net/nit.h>
         ^~~~~~~~~~~~~~~
1 error generated.
configure:9350: $? = 1
configure: failed program was:
| /* confdefs.h */
| #define PACKAGE_NAME "libnet"
| #define PACKAGE_TARNAME "libnet"
| #define PACKAGE_VERSION "1.2"
| #define PACKAGE_STRING "libnet 1.2"
| #define PACKAGE_BUGREPORT "https://github.com/libnet/libnet/issues"
| #define PACKAGE_URL "https://github.com/libnet/libnet"
| #define PACKAGE "libnet"
| #define VERSION "1.2"
| #define STDC_HEADERS 1
| #define HAVE_SYS_TYPES_H 1
| #define HAVE_SYS_STAT_H 1
| #define HAVE_STDLIB_H 1
| #define HAVE_STRING_H 1
| #define HAVE_MEMORY_H 1
| #define HAVE_STRINGS_H 1
| #define HAVE_INTTYPES_H 1
| #define HAVE_STDINT_H 1
| #define HAVE_UNISTD_H 1
| #define __EXTENSIONS__ 1
| #define _ALL_SOURCE 1
| #define _GNU_SOURCE 1
| #define _POSIX_PTHREAD_SEMANTICS 1
| #define _TANDEM_SOURCE 1
| #define HAVE_DLFCN_H 1
| #define LT_OBJDIR ".libs/"
| #define HAVE_GETHOSTBYNAME2 1
| #define HAVE_GETIFADDRS 1
| #define HAVE_SOCKLEN_T 1
| #define LIBNET_LIL_ENDIAN 1
| /* end confdefs.h.  */
| #include <sys/net/nit.h>
configure:9350: result: no
configure:9350: checking for sys/net/nit.h
configure:9350: result: no
configure:9350: checking net/raw.h usability
configure:9350: x86_64-linux-android-clang  --sysroot /usr/x86_64-linux-android-4.9/sysroot -c -g -O2  conftest.c >&5
conftest.c:65:10: fatal error: 'net/raw.h' file not found
#include <net/raw.h>
         ^~~~~~~~~~~
1 error generated.
configure:9350: $? = 1
configure: failed program was:
| /* confdefs.h */
| #define PACKAGE_NAME "libnet"
| #define PACKAGE_TARNAME "libnet"
| #define PACKAGE_VERSION "1.2"
| #define PACKAGE_STRING "libnet 1.2"
| #define PACKAGE_BUGREPORT "https://github.com/libnet/libnet/issues"
| #define PACKAGE_URL "https://github.com/libnet/libnet"
| #define PACKAGE "libnet"
| #define VERSION "1.2"
| #define STDC_HEADERS 1
| #define HAVE_SYS_TYPES_H 1
| #define HAVE_SYS_STAT_H 1
| #define HAVE_STDLIB_H 1
| #define HAVE_STRING_H 1
| #define HAVE_MEMORY_H 1
| #define HAVE_STRINGS_H 1
| #define HAVE_INTTYPES_H 1
| #define HAVE_STDINT_H 1
| #define HAVE_UNISTD_H 1
| #define __EXTENSIONS__ 1
| #define _ALL_SOURCE 1
| #define _GNU_SOURCE 1
| #define _POSIX_PTHREAD_SEMANTICS 1
| #define _TANDEM_SOURCE 1
| #define HAVE_DLFCN_H 1
| #define LT_OBJDIR ".libs/"
| #define HAVE_GETHOSTBYNAME2 1
| #define HAVE_GETIFADDRS 1
| #define HAVE_SOCKLEN_T 1
| #define LIBNET_LIL_ENDIAN 1
| /* end confdefs.h.  */
| #include <stdio.h>
| #ifdef HAVE_SYS_TYPES_H
| # include <sys/types.h>
| #endif
| #ifdef HAVE_SYS_STAT_H
| # include <sys/stat.h>
| #endif
| #ifdef STDC_HEADERS
| # include <stdlib.h>
| # include <stddef.h>
| #else
| # ifdef HAVE_STDLIB_H
| #  include <stdlib.h>
| # endif
| #endif
| #ifdef HAVE_STRING_H
| # if !defined STDC_HEADERS && defined HAVE_MEMORY_H
| #  include <memory.h>
| # endif
| # include <string.h>
| #endif
| #ifdef HAVE_STRINGS_H
| # include <strings.h>
| #endif
| #ifdef HAVE_INTTYPES_H
| # include <inttypes.h>
| #endif
| #ifdef HAVE_STDINT_H
| # include <stdint.h>
| #endif
| #ifdef HAVE_UNISTD_H
| # include <unistd.h>
| #endif
| #include <net/raw.h>
configure:9350: result: no
configure:9350: checking net/raw.h presence
configure:9350: x86_64-linux-android-clang  --sysroot /usr/x86_64-linux-android-4.9/sysroot -E  conftest.c
conftest.c:32:10: fatal error: 'net/raw.h' file not found
#include <net/raw.h>
         ^~~~~~~~~~~
1 error generated.
configure:9350: $? = 1
configure: failed program was:
| /* confdefs.h */
| #define PACKAGE_NAME "libnet"
| #define PACKAGE_TARNAME "libnet"
| #define PACKAGE_VERSION "1.2"
| #define PACKAGE_STRING "libnet 1.2"
| #define PACKAGE_BUGREPORT "https://github.com/libnet/libnet/issues"
| #define PACKAGE_URL "https://github.com/libnet/libnet"
| #define PACKAGE "libnet"
| #define VERSION "1.2"
| #define STDC_HEADERS 1
| #define HAVE_SYS_TYPES_H 1
| #define HAVE_SYS_STAT_H 1
| #define HAVE_STDLIB_H 1
| #define HAVE_STRING_H 1
| #define HAVE_MEMORY_H 1
| #define HAVE_STRINGS_H 1
| #define HAVE_INTTYPES_H 1
| #define HAVE_STDINT_H 1
| #define HAVE_UNISTD_H 1
| #define __EXTENSIONS__ 1
| #define _ALL_SOURCE 1
| #define _GNU_SOURCE 1
| #define _POSIX_PTHREAD_SEMANTICS 1
| #define _TANDEM_SOURCE 1
| #define HAVE_DLFCN_H 1
| #define LT_OBJDIR ".libs/"
| #define HAVE_GETHOSTBYNAME2 1
| #define HAVE_GETIFADDRS 1
| #define HAVE_SOCKLEN_T 1
| #define LIBNET_LIL_ENDIAN 1
| /* end confdefs.h.  */
| #include <net/raw.h>
configure:9350: result: no
configure:9350: checking for net/raw.h
configure:9350: result: no
configure:9350: checking sys/dlpi.h usability
configure:9350: x86_64-linux-android-clang  --sysroot /usr/x86_64-linux-android-4.9/sysroot -c -g -O2  conftest.c >&5
conftest.c:65:10: fatal error: 'sys/dlpi.h' file not found
#include <sys/dlpi.h>
         ^~~~~~~~~~~~
1 error generated.
configure:9350: $? = 1
configure: failed program was:
| /* confdefs.h */
| #define PACKAGE_NAME "libnet"
| #define PACKAGE_TARNAME "libnet"
| #define PACKAGE_VERSION "1.2"
| #define PACKAGE_STRING "libnet 1.2"
| #define PACKAGE_BUGREPORT "https://github.com/libnet/libnet/issues"
| #define PACKAGE_URL "https://github.com/libnet/libnet"
| #define PACKAGE "libnet"
| #define VERSION "1.2"
| #define STDC_HEADERS 1
| #define HAVE_SYS_TYPES_H 1
| #define HAVE_SYS_STAT_H 1
| #define HAVE_STDLIB_H 1
| #define HAVE_STRING_H 1
| #define HAVE_MEMORY_H 1
| #define HAVE_STRINGS_H 1
| #define HAVE_INTTYPES_H 1
| #define HAVE_STDINT_H 1
| #define HAVE_UNISTD_H 1
| #define __EXTENSIONS__ 1
| #define _ALL_SOURCE 1
| #define _GNU_SOURCE 1
| #define _POSIX_PTHREAD_SEMANTICS 1
| #define _TANDEM_SOURCE 1
| #define HAVE_DLFCN_H 1
| #define LT_OBJDIR ".libs/"
| #define HAVE_GETHOSTBYNAME2 1
| #define HAVE_GETIFADDRS 1
| #define HAVE_SOCKLEN_T 1
| #define LIBNET_LIL_ENDIAN 1
| /* end confdefs.h.  */
| #include <stdio.h>
| #ifdef HAVE_SYS_TYPES_H
| # include <sys/types.h>
| #endif
| #ifdef HAVE_SYS_STAT_H
| # include <sys/stat.h>
| #endif
| #ifdef STDC_HEADERS
| # include <stdlib.h>
| # include <stddef.h>
| #else
| # ifdef HAVE_STDLIB_H
| #  include <stdlib.h>
| # endif
| #endif
| #ifdef HAVE_STRING_H
| # if !defined STDC_HEADERS && defined HAVE_MEMORY_H
| #  include <memory.h>
| # endif
| # include <string.h>
| #endif
| #ifdef HAVE_STRINGS_H
| # include <strings.h>
| #endif
| #ifdef HAVE_INTTYPES_H
| # include <inttypes.h>
| #endif
| #ifdef HAVE_STDINT_H
| # include <stdint.h>
| #endif
| #ifdef HAVE_UNISTD_H
| # include <unistd.h>
| #endif
| #include <sys/dlpi.h>
configure:9350: result: no
configure:9350: checking sys/dlpi.h presence
configure:9350: x86_64-linux-android-clang  --sysroot /usr/x86_64-linux-android-4.9/sysroot -E  conftest.c
conftest.c:32:10: fatal error: 'sys/dlpi.h' file not found
#include <sys/dlpi.h>
         ^~~~~~~~~~~~
1 error generated.
configure:9350: $? = 1
configure: failed program was:
| /* confdefs.h */
| #define PACKAGE_NAME "libnet"
| #define PACKAGE_TARNAME "libnet"
| #define PACKAGE_VERSION "1.2"
| #define PACKAGE_STRING "libnet 1.2"
| #define PACKAGE_BUGREPORT "https://github.com/libnet/libnet/issues"
| #define PACKAGE_URL "https://github.com/libnet/libnet"
| #define PACKAGE "libnet"
| #define VERSION "1.2"
| #define STDC_HEADERS 1
| #define HAVE_SYS_TYPES_H 1
| #define HAVE_SYS_STAT_H 1
| #define HAVE_STDLIB_H 1
| #define HAVE_STRING_H 1
| #define HAVE_MEMORY_H 1
| #define HAVE_STRINGS_H 1
| #define HAVE_INTTYPES_H 1
| #define HAVE_STDINT_H 1
| #define HAVE_UNISTD_H 1
| #define __EXTENSIONS__ 1
| #define _ALL_SOURCE 1
| #define _GNU_SOURCE 1
| #define _POSIX_PTHREAD_SEMANTICS 1
| #define _TANDEM_SOURCE 1
| #define HAVE_DLFCN_H 1
| #define LT_OBJDIR ".libs/"
| #define HAVE_GETHOSTBYNAME2 1
| #define HAVE_GETIFADDRS 1
| #define HAVE_SOCKLEN_T 1
| #define LIBNET_LIL_ENDIAN 1
| /* end confdefs.h.  */
| #include <sys/dlpi.h>
configure:9350: result: no
configure:9350: checking for sys/dlpi.h
configure:9350: result: no
configure:9350: checking linux/socket.h usability
configure:9350: x86_64-linux-android-clang  --sysroot /usr/x86_64-linux-android-4.9/sysroot -c -g -O2  conftest.c >&5
configure:9350: $? = 0
configure:9350: result: yes
configure:9350: checking linux/socket.h presence
configure:9350: x86_64-linux-android-clang  --sysroot /usr/x86_64-linux-android-4.9/sysroot -E  conftest.c
configure:9350: $? = 0
configure:9350: result: yes
configure:9350: checking for linux/socket.h
configure:9350: result: yes
configure:9361: checking link-layer packet interface type
configure:9607: result: found link layer linux
configure:9610: checking for packet socket (PF_PACKET)
configure:9691: checking for Linux proc filesystem
configure:9703: result: yes
configure:9835: checking for x86_64-linux-android-doxygen
configure:9868: result: no
configure:9878: checking for doxygen
configure:9911: result: no
configure:9931: WARNING: doxygen not found - will not generate any doxygen documentation
configure:9941: checking for x86_64-linux-android-perl
configure:9974: result: no
configure:9984: checking for perl
configure:10002: found /usr/bin/perl
configure:10014: result: /usr/bin/perl
configure:10026: WARNING: using cross tools not prefixed with host triplet
configure:11763: checking whether to build sample programs
configure:11773: result: no
configure:11808: checking net/ethernet.h usability
configure:11808: x86_64-linux-android-clang  --sysroot /usr/x86_64-linux-android-4.9/sysroot -c -g -O2  conftest.c >&5
configure:11808: $? = 0
configure:11808: result: yes
configure:11808: checking net/ethernet.h presence
configure:11808: x86_64-linux-android-clang  --sysroot /usr/x86_64-linux-android-4.9/sysroot -E  conftest.c
configure:11808: $? = 0
configure:11808: result: yes
configure:11808: checking for net/ethernet.h
configure:11808: result: yes
configure:12626: checking that generated files are newer than configure
configure:12632: result: done
configure:12672: creating ./config.status

## ---------------------- ##
## Running config.status. ##
## ---------------------- ##

This file was extended by libnet config.status 1.2, which was
generated by GNU Autoconf 2.69.  Invocation command line was

  CONFIG_FILES    = 
  CONFIG_HEADERS  = 
  CONFIG_LINKS    = 
  CONFIG_COMMANDS = 
  $ ./config.status 

on 57e6a01dd40e

config.status:1161: creating Makefile
config.status:1161: creating Doxyfile
config.status:1161: creating libnet-config
config.status:1161: creating doc/Makefile
config.status:1161: creating doc/man/Makefile
config.status:1161: creating doc/man/man1/Makefile
config.status:1161: creating doc/man/man3/Makefile
config.status:1161: creating include/Makefile
config.status:1161: creating include/libnet.h
config.status:1161: creating libnet.pc
config.status:1161: creating src/Makefile
config.status:1161: creating sample/Makefile
config.status:1161: creating win32/Makefile
config.status:1161: creating doc/fixmanpages
config.status:1161: creating include/config.h
config.status:1342: include/config.h is unchanged
config.status:1390: executing libtool commands
configure:14780: result:
-=-=-=-=-=-=-=-=-=-= libnet Configuration Complete =-=-=-=-=-=-=-=-=-=-

    Version ....................... 1.2

    Host .......................... x86_64-pc-linux-android
    Operating System .............. linux-android
    Host CPU ...................... x86_64
    Host Vendor ................... pc
    Host OS ....................... linux-android
    Prefix ........................ /build/libnet/../../target

    Cross-compiling ............... yes
    Compiler is GCC ............... yes
    CC ............................ x86_64-linux-android-clang  --sysroot /usr/x86_64-linux-android-4.9/sysroot
    CFLAGS ........................ -g -O2
    LD ............................ /usr/x86_64-linux-android-4.9/x86_64-linux-android/bin/ld -m elf_x86_64
    LDFLAGS ....................... 
    LIBS .......................... 

    Link Layer .................... linux
    Shared Libraries .............. no
    Static Libraries .............. yes
    PIC ........................... yes
    Build Sample Programs ......... no
    Rebuild docs .................. no

To override options

	./configure --help

Report bugs to https://github.com/libnet/libnet/issues

-=-=-=-=-=-=-=-=-=-=-=-=-=-=-=-=-=-=-=-=-=-=-=-=-=-=-=-=-=-=-=-=-=-=-=-
To disable silent build and print the full command line of every stage

	make V=1


## ---------------- ##
## Cache variables. ##
## ---------------- ##

ac_cv_build=x86_64-pc-linux-gnu
ac_cv_c_bigendian=no
ac_cv_c_compiler_gnu=yes
ac_cv_c_uint16_t=yes
ac_cv_c_uint32_t=yes
ac_cv_c_uint64_t=yes
ac_cv_env_CC_set=set
ac_cv_env_CC_value='x86_64-linux-android-clang  --sysroot /usr/x86_64-linux-android-4.9/sysroot'
ac_cv_env_CFLAGS_set=
ac_cv_env_CFLAGS_value=
ac_cv_env_CPPFLAGS_set=
ac_cv_env_CPPFLAGS_value=
ac_cv_env_CPP_set=
ac_cv_env_CPP_value=
ac_cv_env_DOXYGEN_PAPER_SIZE_set=
ac_cv_env_DOXYGEN_PAPER_SIZE_value=
ac_cv_env_LDFLAGS_set=
ac_cv_env_LDFLAGS_value=
ac_cv_env_LIBS_set=
ac_cv_env_LIBS_value=
ac_cv_env_LT_SYS_LIBRARY_PATH_set=
ac_cv_env_LT_SYS_LIBRARY_PATH_value=
ac_cv_env_build_alias_set=
ac_cv_env_build_alias_value=
ac_cv_env_host_alias_set=set
ac_cv_env_host_alias_value=x86_64-linux-android
ac_cv_env_target_alias_set=
ac_cv_env_target_alias_value=
ac_cv_func_gethostbyname2=yes
ac_cv_func_getifaddrs=yes
ac_cv_header_dlfcn_h=yes
ac_cv_header_inttypes_h=yes
ac_cv_header_linux_socket_h=yes
ac_cv_header_memory_h=yes
ac_cv_header_minix_config_h=no
ac_cv_header_net_ethernet_h=yes
ac_cv_header_net_pfilt_h=no
ac_cv_header_net_raw_h=no
ac_cv_header_stdc=yes
ac_cv_header_stdint_h=yes
ac_cv_header_stdlib_h=yes
ac_cv_header_string_h=yes
ac_cv_header_strings_h=yes
ac_cv_header_sys_dlpi_h=no
ac_cv_header_sys_net_nit_h=no
ac_cv_header_sys_sockio_h=no
ac_cv_header_sys_stat_h=yes
ac_cv_header_sys_types_h=yes
ac_cv_header_unistd_h=yes
ac_cv_host=x86_64-pc-linux-android
ac_cv_libnet_linux_procfs=yes
ac_cv_objext=o
ac_cv_path_EGREP='/bin/grep -E'
ac_cv_path_FGREP='/bin/grep -F'
ac_cv_path_GREP=/bin/grep
ac_cv_path_SED=/bin/sed
ac_cv_path_ac_pt_DX_PERL=/usr/bin/perl
ac_cv_path_install='/usr/bin/install -c'
ac_cv_path_lt_DD=/bin/dd
ac_cv_path_mkdir=/bin/mkdir
ac_cv_path_shell=/bin/bash
ac_cv_prog_AR=x86_64-linux-android-ar
ac_cv_prog_AWK=mawk
ac_cv_prog_CC='x86_64-linux-android-clang  --sysroot /usr/x86_64-linux-android-4.9/sysroot'
ac_cv_prog_CHMOD=chmod
ac_cv_prog_CPP='x86_64-linux-android-clang  --sysroot /usr/x86_64-linux-android-4.9/sysroot -E'
ac_cv_prog_OBJDUMP=x86_64-linux-android-objdump
ac_cv_prog_RANLIB=x86_64-linux-android-ranlib
ac_cv_prog_STRIP=x86_64-linux-android-strip
ac_cv_prog_cc_c89=
ac_cv_prog_cc_g=yes
ac_cv_prog_make_make_set=yes
ac_cv_safe_to_define___extensions__=yes
ac_cv_target=x86_64-pc-linux-android
am_cv_make_support_nested_variables=yes
am_cv_prog_cc_c_o=yes
libnet_cv_have_packet_socket=
lt_cv_ar_at_file=@
lt_cv_deplibs_check_method=pass_all
lt_cv_file_magic_cmd='$MAGIC_CMD'
lt_cv_file_magic_test_file=
lt_cv_ld_reload_flag=-r
lt_cv_nm_interface='BSD nm'
lt_cv_objdir=.libs
lt_cv_path_LD=/usr/x86_64-linux-android-4.9/x86_64-linux-android/bin/ld
lt_cv_path_NM='/usr/x86_64-linux-android-4.9/bin/x86_64-linux-android-nm -B'
lt_cv_path_mainfest_tool=no
lt_cv_prog_compiler_c_o=yes
lt_cv_prog_compiler_pic='-fPIC -DPIC'
lt_cv_prog_compiler_pic_works=yes
lt_cv_prog_compiler_rtti_exceptions=yes
lt_cv_prog_compiler_static_works=yes
lt_cv_prog_gnu_ld=yes
lt_cv_sharedlib_from_linklib_cmd='printf %s\n'
lt_cv_sys_global_symbol_pipe='sed -n -e '\''s/^.*[	 ]\([ABCDGIRSTW][ABCDGIRSTW]*\)[	 ][	 ]*\([_A-Za-z][_A-Za-z0-9]*\)$/\1 \2 \2/p'\'' | sed '\''/ __gnu_lto/d'\'''
lt_cv_sys_global_symbol_to_c_name_address='sed -n -e '\''s/^: \(.*\) .*$/  {"\1", (void *) 0},/p'\'' -e '\''s/^[ABCDGIRSTW][ABCDGIRSTW]* .* \(.*\)$/  {"\1", (void *) \&\1},/p'\'''
lt_cv_sys_global_symbol_to_c_name_address_lib_prefix='sed -n -e '\''s/^: \(.*\) .*$/  {"\1", (void *) 0},/p'\'' -e '\''s/^[ABCDGIRSTW][ABCDGIRSTW]* .* \(lib.*\)$/  {"\1", (void *) \&\1},/p'\'' -e '\''s/^[ABCDGIRSTW][ABCDGIRSTW]* .* \(.*\)$/  {"lib\1", (void *) \&\1},/p'\'''
lt_cv_sys_global_symbol_to_cdecl='sed -n -e '\''s/^T .* \(.*\)$/extern int \1();/p'\'' -e '\''s/^[ABCDGIRSTW][ABCDGIRSTW]* .* \(.*\)$/extern char \1;/p'\'''
lt_cv_sys_global_symbol_to_import=
lt_cv_sys_max_cmd_len=1572864
lt_cv_to_host_file_cmd=func_convert_file_noop
lt_cv_to_tool_file_cmd=func_convert_file_noop
lt_cv_truncate_bin='/bin/dd bs=4096 count=1'

## ----------------- ##
## Output variables. ##
## ----------------- ##

ACLOCAL='${SHELL} /build/libnet/missing aclocal-1.16'
ADDITIONAL_LIBS=''
AMTAR='$${TAR-tar}'
AM_BACKSLASH='\'
AM_DEFAULT_V='$(AM_DEFAULT_VERBOSITY)'
AM_DEFAULT_VERBOSITY='0'
AM_V='$(V)'
AR='x86_64-linux-android-ar'
AUTOCONF='${SHELL} /build/libnet/missing autoconf'
AUTOHEADER='${SHELL} /build/libnet/missing autoheader'
AUTOMAKE='${SHELL} /build/libnet/missing automake-1.16'
AWK='mawk'
CC='x86_64-linux-android-clang  --sysroot /usr/x86_64-linux-android-4.9/sysroot'
CFLAGS='-g -O2'
CHMOD='chmod'
COND_SHARED_FALSE=''
COND_SHARED_TRUE='#'
CPP='x86_64-linux-android-clang  --sysroot /usr/x86_64-linux-android-4.9/sysroot -E'
CPPFLAGS=''
CYGPATH_W='echo'
DEFS='-DHAVE_CONFIG_H'
DLLTOOL='false'
DOT_PATH=''
DOXYGEN_PAPER_SIZE=''
DSYMUTIL=''
DUMPBIN=''
DX_CONFIG='${top_builddir}/Doxyfile'
DX_DOCDIR='doc'
DX_DOT=''
DX_DOXYGEN=''
DX_DVIPS=''
DX_EGREP=''
DX_ENV=' SRCDIR='\''.'\'' PROJECT='\''libnet'\'' VERSION='\''1.2'\'' HAVE_DOT='\''NO'\'' GENERATE_MAN='\''NO'\'' GENERATE_RTF='\''NO'\'' GENERATE_XML='\''NO'\'' GENERATE_HTMLHELP='\''NO'\'' GENERATE_CHI='\''NO'\'' GENERATE_HTML='\''NO'\'' GENERATE_LATEX='\''NO'\'''
DX_FLAG_chi='0'
DX_FLAG_chm='0'
DX_FLAG_doc='0'
DX_FLAG_dot='0'
DX_FLAG_html='0'
DX_FLAG_man='0'
DX_FLAG_pdf='0'
DX_FLAG_ps='0'
DX_FLAG_rtf='0'
DX_FLAG_xml='0'
DX_HHC=''
DX_LATEX=''
DX_MAKEINDEX=''
DX_PDFLATEX=''
DX_PERL='/usr/bin/perl'
DX_PROJECT='libnet'
DX_RULES=''
ECHO_C=''
ECHO_N='-n'
ECHO_T=''
EGREP='/bin/grep -E'
ENABLE_DOXYGEN_FALSE=''
ENABLE_DOXYGEN_TRUE='#'
ENABLE_HTML_FALSE=''
ENABLE_HTML_TRUE='#'
ENABLE_MAN_FALSE=''
ENABLE_MAN_TRUE='#'
ENABLE_SAMPLES_FALSE=''
ENABLE_SAMPLES_TRUE='#'
ENDIANESS='LIBNET_LIL_ENDIAN'
EXEEXT=''
FGREP='/bin/grep -F'
GENERATE_CHI='NO'
GENERATE_HTML='NO'
GENERATE_HTMLHELP='NO'
GENERATE_LATEX='NO'
GENERATE_MAN='NO'
GENERATE_RTF='NO'
GENERATE_XML='NO'
GREP='/bin/grep'
HAVE_DOT='NO'
HAVE_PACKET_SOCKET=''
HHC_PATH=''
INSTALL_DATA='${INSTALL} -m 644'
INSTALL_PROGRAM='${INSTALL}'
INSTALL_SCRIPT='${INSTALL}'
INSTALL_STRIP_PROGRAM='$(install_sh) -c -s'
LD='/usr/x86_64-linux-android-4.9/x86_64-linux-android/bin/ld -m elf_x86_64'
LDFLAGS=''
LIBOBJS=' ${LIBOBJDIR}libnet_link_linux$U.o'
LIBS=''
LIBTOOL='$(SHELL) $(top_builddir)/libtool'
LIPO=''
LN_S='ln -s'
LTLIBOBJS=' ${LIBOBJDIR}libnet_link_linux$U.lo'
LT_SYS_LIBRARY_PATH=''
MAKEINFO='${SHELL} /build/libnet/missing makeinfo'
MANIFEST_TOOL=':'
MKDIR_P='/bin/mkdir -p'
NM='/usr/x86_64-linux-android-4.9/bin/x86_64-linux-android-nm -B'
NMEDIT=''
OBJDUMP='x86_64-linux-android-objdump'
OBJEXT='o'
OTOOL64=''
OTOOL=''
PACKAGE='libnet'
PACKAGE_BUGREPORT='https://github.com/libnet/libnet/issues'
PACKAGE_NAME='libnet'
PACKAGE_STRING='libnet 1.2'
PACKAGE_TARNAME='libnet'
PACKAGE_URL='https://github.com/libnet/libnet'
PACKAGE_VERSION='1.2'
PAPER_SIZE=''
PATH_SEPARATOR=':'
PERL_PATH=''
PKG_CONFIG_CFLAGS=''
PKG_CONFIG_DEFINES='-D_BSD_SOURCE -D_DEFAULT_SOURCE -DHAVE_NET_ETHERNET_H'
PKG_CONFIG_LIBS=''
PROJECT='libnet'
RANLIB='x86_64-linux-android-ranlib'
SED='/bin/sed'
SET_MAKE=''
SHELL='/bin/bash'
SRCDIR='.'
STRIP='x86_64-linux-android-strip'
VERSION='1.2'
WIN32=''
WIN32_FALSE=''
WIN32_TRUE='#'
WINDRES=''
ac_ct_AR=''
ac_ct_CC=''
ac_ct_DUMPBIN=''
am__EXEEXT_FALSE=''
am__EXEEXT_TRUE='#'
am__isrc=''
am__leading_dot='.'
am__tar='$${TAR-tar} chof - "$$tardir"'
am__untar='$${TAR-tar} xf -'
bindir='${exec_prefix}/bin'
build='x86_64-pc-linux-gnu'
build_alias=''
build_cpu='x86_64'
build_os='linux-gnu'
build_vendor='pc'
datadir='${datarootdir}'
datarootdir='${prefix}/share'
docdir='${datarootdir}/doc/${PACKAGE_TARNAME}'
dvidir='${docdir}'
exec_prefix='${prefix}'
host='x86_64-pc-linux-android'
host_alias='x86_64-linux-android'
host_cpu='x86_64'
host_os='linux-android'
host_vendor='pc'
htmldir='${docdir}'
includedir='${prefix}/include'
infodir='${datarootdir}/info'
install_sh='${SHELL} /build/libnet/install-sh'
libdir='${exec_prefix}/lib'
libexecdir='${exec_prefix}/libexec'
localedir='${datarootdir}/locale'
localstatedir='${prefix}/var'
mandir='${datarootdir}/man'
mkdir_p='$(MKDIR_P)'
oldincludedir='/usr/include'
pdfdir='${docdir}'
prefix='/build/libnet/../../target'
program_transform_name='s,x,x,'
psdir='${docdir}'
runstatedir='${localstatedir}/run'
sbindir='${exec_prefix}/sbin'
sharedstatedir='${prefix}/com'
sysconfdir='${prefix}/etc'
target='x86_64-pc-linux-android'
target_alias=''
target_cpu='x86_64'
target_os='linux-android'
target_vendor='pc'

## ----------- ##
## confdefs.h. ##
## ----------- ##

/* confdefs.h */
#define PACKAGE_NAME "libnet"
#define PACKAGE_TARNAME "libnet"
#define PACKAGE_VERSION "1.2"
#define PACKAGE_STRING "libnet 1.2"
#define PACKAGE_BUGREPORT "https://github.com/libnet/libnet/issues"
#define PACKAGE_URL "https://github.com/libnet/libnet"
#define PACKAGE "libnet"
#define VERSION "1.2"
#define STDC_HEADERS 1
#define HAVE_SYS_TYPES_H 1
#define HAVE_SYS_STAT_H 1
#define HAVE_STDLIB_H 1
#define HAVE_STRING_H 1
#define HAVE_MEMORY_H 1
#define HAVE_STRINGS_H 1
#define HAVE_INTTYPES_H 1
#define HAVE_STDINT_H 1
#define HAVE_UNISTD_H 1
#define __EXTENSIONS__ 1
#define _ALL_SOURCE 1
#define _GNU_SOURCE 1
#define _POSIX_PTHREAD_SEMANTICS 1
#define _TANDEM_SOURCE 1
#define HAVE_DLFCN_H 1
#define LT_OBJDIR ".libs/"
#define HAVE_GETHOSTBYNAME2 1
#define HAVE_GETIFADDRS 1
#define HAVE_SOCKLEN_T 1
#define LIBNET_LIL_ENDIAN 1
#define HAVE_LINUX_SOCKET_H 1
#define HAVE_LINUX_PROCFS 1
#define _BSD_SOURCE 1
#define _DEFAULT_SOURCE 1
#define HAVE_NET_ETHERNET_H 1

configure: exit 0
