This file contains any messages produced by compilers while
running configure, to aid debugging if configure makes a mistake.

It was created by libnl configure 3.5.0, which was
generated by GNU Autoconf 2.69.  Invocation command line was

  $ ./configure --prefix=/build/libnl/../target --disable-shared --enable-static --host=x86_64-linux-android --disable-pthreads

## --------- ##
## Platform. ##
## --------- ##

hostname = 57e6a01dd40e
uname -m = x86_64
uname -r = 4.15.0-65-generic
uname -s = Linux
uname -v = #74~16.04.1-Ubuntu SMP Wed Sep 18 09:51:44 UTC 2019

/usr/bin/uname -p = unknown
/bin/uname -X     = unknown

/bin/arch              = unknown
/usr/bin/arch -k       = unknown
/usr/convex/getsysinfo = unknown
/usr/bin/hostinfo      = unknown
/bin/machine           = unknown
/usr/bin/oslevel       = unknown
/bin/universe          = unknown

PATH: /usr/x86_64-linux-android-4.9/bin
PATH: /usr/local/sbin
PATH: /usr/local/bin
PATH: /usr/sbin
PATH: /usr/bin
PATH: /sbin
PATH: /bin
PATH: /usr/x86_64-linux-android-4.9/bin


## ----------- ##
## Core tests. ##
## ----------- ##

configure:2303: checking for a BSD-compatible install
configure:2371: result: /usr/bin/install -c
configure:2382: checking whether build environment is sane
configure:2437: result: yes
configure:2494: checking for x86_64-linux-android-strip
configure:2510: found /usr/x86_64-linux-android-4.9/bin/x86_64-linux-android-strip
configure:2521: result: x86_64-linux-android-strip
configure:2586: checking for a thread-safe mkdir -p
configure:2625: result: /bin/mkdir -p
configure:2632: checking for gawk
configure:2662: result: no
configure:2632: checking for mawk
configure:2648: found /usr/bin/mawk
configure:2659: result: mawk
configure:2670: checking whether make sets $(MAKE)
configure:2692: result: yes
configure:2721: checking whether make supports nested variables
configure:2738: result: yes
configure:2875: checking whether make supports nested variables
configure:2892: result: yes
configure:2907: checking whether make supports the include directive
configure:2922: make -f confmf.GNU && cat confinc.out
this is the am__doit target
configure:2925: $? = 0
configure:2944: result: yes (GNU style)
configure:2974: checking for x86_64-linux-android-gcc
configure:3001: result: x86_64-linux-android-clang  --sysroot /usr/x86_64-linux-android-4.9/sysroot
configure:3270: checking for C compiler version
configure:3279: x86_64-linux-android-clang  --sysroot /usr/x86_64-linux-android-4.9/sysroot --version >&5
Android (4751641 based on r328903) clang version 7.0.2 (https://android.googlesource.com/toolchain/clang 003100370607242ddd5815e4a043907ea9004281) (https://android.googlesource.com/toolchain/llvm 1d739ffb0366421d383e04ff80ec2ee591315116) (based on LLVM 7.0.2svn)
Target: x86_64-none-linux-android24
Thread model: posix
InstalledDir: /usr/x86_64-linux-android-4.9/bin
configure:3290: $? = 0
configure:3279: x86_64-linux-android-clang  --sysroot /usr/x86_64-linux-android-4.9/sysroot -v >&5
Android (4751641 based on r328903) clang version 7.0.2 (https://android.googlesource.com/toolchain/clang 003100370607242ddd5815e4a043907ea9004281) (https://android.googlesource.com/toolchain/llvm 1d739ffb0366421d383e04ff80ec2ee591315116) (based on LLVM 7.0.2svn)
Target: x86_64-none-linux-android24
Thread model: posix
InstalledDir: /usr/x86_64-linux-android-4.9/bin
Found candidate GCC installation: /usr/x86_64-linux-android-4.9/bin/../lib/gcc/x86_64-linux-android/4.9.x
Selected GCC installation: /usr/x86_64-linux-android-4.9/bin/../lib/gcc/x86_64-linux-android/4.9.x
Candidate multilib: .;@m64
Selected multilib: .;@m64
configure:3290: $? = 0
configure:3279: x86_64-linux-android-clang  --sysroot /usr/x86_64-linux-android-4.9/sysroot -V >&5
clang70: error: argument to '-V' is missing (expected 1 value)
clang70: error: no input files
configure:3290: $? = 1
configure:3279: x86_64-linux-android-clang  --sysroot /usr/x86_64-linux-android-4.9/sysroot -qversion >&5
clang70: error: unknown argument '-qversion', did you mean '--version'?
clang70: error: no input files
configure:3290: $? = 1
configure:3310: checking whether the C compiler works
configure:3332: x86_64-linux-android-clang  --sysroot /usr/x86_64-linux-android-4.9/sysroot    conftest.c  >&5
configure:3336: $? = 0
configure:3384: result: yes
configure:3387: checking for C compiler default output file name
configure:3389: result: a.out
configure:3395: checking for suffix of executables
configure:3402: x86_64-linux-android-clang  --sysroot /usr/x86_64-linux-android-4.9/sysroot -o conftest    conftest.c  >&5
configure:3406: $? = 0
configure:3428: result: 
configure:3450: checking whether we are cross compiling
configure:3458: x86_64-linux-android-clang  --sysroot /usr/x86_64-linux-android-4.9/sysroot -o conftest    conftest.c  >&5
configure:3462: $? = 0
configure:3469: ./conftest
./configure: line 3471: ./conftest: No such file or directory
configure:3473: $? = 127
configure:3461: result: yes
configure:3466: checking for suffix of object files
configure:3488: x86_64-linux-android-clang  --sysroot /usr/x86_64-linux-android-4.9/sysroot -c   conftest.c >&5
configure:3492: $? = 0
configure:3513: result: o
configure:3517: checking whether we are using the GNU C compiler
configure:3536: x86_64-linux-android-clang  --sysroot /usr/x86_64-linux-android-4.9/sysroot -c   conftest.c >&5
configure:3536: $? = 0
configure:3545: result: yes
configure:3554: checking whether x86_64-linux-android-clang  --sysroot /usr/x86_64-linux-android-4.9/sysroot accepts -g
configure:3574: x86_64-linux-android-clang  --sysroot /usr/x86_64-linux-android-4.9/sysroot -c -g  conftest.c >&5
configure:3574: $? = 0
configure:3615: result: yes
configure:3632: checking for x86_64-linux-android-clang  --sysroot /usr/x86_64-linux-android-4.9/sysroot option to accept ISO C89
configure:3695: x86_64-linux-android-clang  --sysroot /usr/x86_64-linux-android-4.9/sysroot  -c -g -O2  conftest.c >&5
configure:3695: $? = 0
configure:3708: result: none needed
configure:3733: checking whether x86_64-linux-android-clang  --sysroot /usr/x86_64-linux-android-4.9/sysroot understands -c and -o together
configure:3755: x86_64-linux-android-clang  --sysroot /usr/x86_64-linux-android-4.9/sysroot -c conftest.c -o conftest2.o
configure:3758: $? = 0
configure:3755: x86_64-linux-android-clang  --sysroot /usr/x86_64-linux-android-4.9/sysroot -c conftest.c -o conftest2.o
configure:3758: $? = 0
configure:3770: result: yes
configure:3789: checking dependency style of x86_64-linux-android-clang  --sysroot /usr/x86_64-linux-android-4.9/sysroot
configure:3900: result: gcc3
configure:3921: checking for x86_64-linux-android-ar
configure:3937: found /usr/x86_64-linux-android-4.9/bin/x86_64-linux-android-ar
configure:3948: result: x86_64-linux-android-ar
configure:4018: checking the archiver (x86_64-linux-android-ar) interface
configure:4034: x86_64-linux-android-clang  --sysroot /usr/x86_64-linux-android-4.9/sysroot -c -g -O2  conftest.c >&5
configure:4034: $? = 0
configure:4036: x86_64-linux-android-ar cru libconftest.a conftest.o >&5
configure:4039: $? = 0
configure:4038: result: ar
configure:4085: checking for x86_64-linux-android-gcc
configure:4112: result: x86_64-linux-android-clang  --sysroot /usr/x86_64-linux-android-4.9/sysroot
configure:4381: checking for C compiler version
configure:4390: x86_64-linux-android-clang  --sysroot /usr/x86_64-linux-android-4.9/sysroot --version >&5
Android (4751641 based on r328903) clang version 7.0.2 (https://android.googlesource.com/toolchain/clang 003100370607242ddd5815e4a043907ea9004281) (https://android.googlesource.com/toolchain/llvm 1d739ffb0366421d383e04ff80ec2ee591315116) (based on LLVM 7.0.2svn)
Target: x86_64-none-linux-android24
Thread model: posix
InstalledDir: /usr/x86_64-linux-android-4.9/bin
configure:4401: $? = 0
configure:4390: x86_64-linux-android-clang  --sysroot /usr/x86_64-linux-android-4.9/sysroot -v >&5
Android (4751641 based on r328903) clang version 7.0.2 (https://android.googlesource.com/toolchain/clang 003100370607242ddd5815e4a043907ea9004281) (https://android.googlesource.com/toolchain/llvm 1d739ffb0366421d383e04ff80ec2ee591315116) (based on LLVM 7.0.2svn)
Target: x86_64-none-linux-android24
Thread model: posix
InstalledDir: /usr/x86_64-linux-android-4.9/bin
Found candidate GCC installation: /usr/x86_64-linux-android-4.9/bin/../lib/gcc/x86_64-linux-android/4.9.x
Selected GCC installation: /usr/x86_64-linux-android-4.9/bin/../lib/gcc/x86_64-linux-android/4.9.x
Candidate multilib: .;@m64
Selected multilib: .;@m64
configure:4401: $? = 0
configure:4390: x86_64-linux-android-clang  --sysroot /usr/x86_64-linux-android-4.9/sysroot -V >&5
clang70: error: argument to '-V' is missing (expected 1 value)
clang70: error: no input files
configure:4401: $? = 1
configure:4390: x86_64-linux-android-clang  --sysroot /usr/x86_64-linux-android-4.9/sysroot -qversion >&5
clang70: error: unknown argument '-qversion', did you mean '--version'?
clang70: error: no input files
configure:4401: $? = 1
configure:4405: checking whether we are using the GNU C compiler
configure:4433: result: yes
configure:4442: checking whether x86_64-linux-android-clang  --sysroot /usr/x86_64-linux-android-4.9/sysroot accepts -g
configure:4503: result: yes
configure:4520: checking for x86_64-linux-android-clang  --sysroot /usr/x86_64-linux-android-4.9/sysroot option to accept ISO C89
configure:4596: result: none needed
configure:4621: checking whether x86_64-linux-android-clang  --sysroot /usr/x86_64-linux-android-4.9/sysroot understands -c and -o together
configure:4658: result: yes
configure:4677: checking dependency style of x86_64-linux-android-clang  --sysroot /usr/x86_64-linux-android-4.9/sysroot
configure:4788: result: gcc3
configure:4834: checking build system type
configure:4848: result: x86_64-pc-linux-gnu
configure:4868: checking host system type
configure:4881: result: x86_64-pc-linux-android
configure:4922: checking how to print strings
configure:4949: result: printf
configure:4970: checking for a sed that does not truncate output
configure:5034: result: /bin/sed
configure:5052: checking for grep that handles long lines and -e
configure:5110: result: /bin/grep
configure:5115: checking for egrep
configure:5177: result: /bin/grep -E
configure:5182: checking for fgrep
configure:5244: result: /bin/grep -F
configure:5279: checking for ld used by x86_64-linux-android-clang  --sysroot /usr/x86_64-linux-android-4.9/sysroot
configure:5346: result: /usr/x86_64-linux-android-4.9/x86_64-linux-android/bin/ld
configure:5353: checking if the linker (/usr/x86_64-linux-android-4.9/x86_64-linux-android/bin/ld) is GNU ld
configure:5368: result: yes
configure:5380: checking for BSD- or MS-compatible name lister (nm)
configure:5434: result: /usr/x86_64-linux-android-4.9/bin/x86_64-linux-android-nm -B
configure:5564: checking the name lister (/usr/x86_64-linux-android-4.9/bin/x86_64-linux-android-nm -B) interface
configure:5571: x86_64-linux-android-clang  --sysroot /usr/x86_64-linux-android-4.9/sysroot -c -g -O2  conftest.c >&5
configure:5574: /usr/x86_64-linux-android-4.9/bin/x86_64-linux-android-nm -B "conftest.o"
configure:5577: output
0000000000000000 B some_variable
configure:5578: result: BSD nm
configure:5581: checking whether ln -s works
configure:5585: result: yes
configure:5593: checking the maximum length of command line arguments
configure:5724: result: 1572864
configure:5772: checking how to convert x86_64-pc-linux-gnu file names to x86_64-pc-linux-android format
configure:5812: result: func_convert_file_noop
configure:5819: checking how to convert x86_64-pc-linux-gnu file names to toolchain format
configure:5839: result: func_convert_file_noop
configure:5846: checking for /usr/x86_64-linux-android-4.9/x86_64-linux-android/bin/ld option to reload object files
configure:5853: result: -r
configure:5887: checking for x86_64-linux-android-objdump
configure:5903: found /usr/x86_64-linux-android-4.9/bin/x86_64-linux-android-objdump
configure:5914: result: x86_64-linux-android-objdump
configure:5986: checking how to recognize dependent libraries
configure:6186: result: pass_all
configure:6231: checking for x86_64-linux-android-dlltool
configure:6261: result: no
configure:6271: checking for dlltool
configure:6301: result: no
configure:6331: checking how to associate runtime and link libraries
configure:6358: result: printf %s\n
configure:6374: checking for x86_64-linux-android-ar
configure:6401: result: x86_64-linux-android-ar
configure:6482: checking for archiver @FILE support
configure:6499: x86_64-linux-android-clang  --sysroot /usr/x86_64-linux-android-4.9/sysroot -c -g -O2  conftest.c >&5
configure:6499: $? = 0
configure:6502: x86_64-linux-android-ar cru libconftest.a @conftest.lst >&5
configure:6505: $? = 0
configure:6510: x86_64-linux-android-ar cru libconftest.a @conftest.lst >&5
x86_64-linux-android-ar: conftest.o: No such file or directory
configure:6513: $? = 1
configure:6512: result: @
configure:6530: checking for x86_64-linux-android-strip
configure:6557: result: x86_64-linux-android-strip
configure:6629: checking for x86_64-linux-android-ranlib
configure:6645: found /usr/x86_64-linux-android-4.9/bin/x86_64-linux-android-ranlib
configure:6656: result: x86_64-linux-android-ranlib
configure:6798: checking command to parse /usr/x86_64-linux-android-4.9/bin/x86_64-linux-android-nm -B output from x86_64-linux-android-clang  --sysroot /usr/x86_64-linux-android-4.9/sysroot object
configure:6951: x86_64-linux-android-clang  --sysroot /usr/x86_64-linux-android-4.9/sysroot -c -g -O2  conftest.c >&5
configure:6954: $? = 0
configure:6958: /usr/x86_64-linux-android-4.9/bin/x86_64-linux-android-nm -B conftest.o \| sed -n -e 's/^.*[ ]\([ABCDGIRSTW][ABCDGIRSTW]*\)[ ][ ]*\([_A-Za-z][_A-Za-z0-9]*\)$/\1 \2 \2/p' | sed '/ __gnu_lto/d' \> conftest.nm
configure:6961: $? = 0
configure:7027: x86_64-linux-android-clang  --sysroot /usr/x86_64-linux-android-4.9/sysroot -o conftest -g -O2   conftest.c conftstm.o >&5
configure:7030: $? = 0
configure:7068: result: ok
configure:7115: checking for sysroot
configure:7145: result: no
configure:7152: checking for a working dd
configure:7190: result: /bin/dd
configure:7194: checking how to truncate binary pipes
configure:7209: result: /bin/dd bs=4096 count=1
configure:7345: x86_64-linux-android-clang  --sysroot /usr/x86_64-linux-android-4.9/sysroot -c -g -O2  conftest.c >&5
configure:7348: $? = 0
configure:7498: checking for x86_64-linux-android-mt
configure:7528: result: no
configure:7538: checking for mt
configure:7568: result: no
configure:7588: checking if : is a manifest tool
configure:7594: : '-?'
configure:7602: result: no
configure:8279: checking how to run the C preprocessor
configure:8310: x86_64-linux-android-clang  --sysroot /usr/x86_64-linux-android-4.9/sysroot -E  conftest.c
configure:8310: $? = 0
configure:8324: x86_64-linux-android-clang  --sysroot /usr/x86_64-linux-android-4.9/sysroot -E  conftest.c
conftest.c:11:10: fatal error: 'ac_nonexistent.h' file not found
#include <ac_nonexistent.h>
         ^~~~~~~~~~~~~~~~~~
1 error generated.
configure:8324: $? = 1
configure: failed program was:
| /* confdefs.h */
| #define PACKAGE_NAME "libnl"
| #define PACKAGE_TARNAME "libnl"
| #define PACKAGE_VERSION "3.5.0"
| #define PACKAGE_STRING "libnl 3.5.0"
| #define PACKAGE_BUGREPORT ""
| #define PACKAGE_URL "http://www.infradead.org/~tgr/libnl/"
| #define PACKAGE "libnl"
| #define VERSION "3.5.0"
| /* end confdefs.h.  */
| #include <ac_nonexistent.h>
configure:8349: result: x86_64-linux-android-clang  --sysroot /usr/x86_64-linux-android-4.9/sysroot -E
configure:8369: x86_64-linux-android-clang  --sysroot /usr/x86_64-linux-android-4.9/sysroot -E  conftest.c
configure:8369: $? = 0
configure:8383: x86_64-linux-android-clang  --sysroot /usr/x86_64-linux-android-4.9/sysroot -E  conftest.c
conftest.c:11:10: fatal error: 'ac_nonexistent.h' file not found
#include <ac_nonexistent.h>
         ^~~~~~~~~~~~~~~~~~
1 error generated.
configure:8383: $? = 1
configure: failed program was:
| /* confdefs.h */
| #define PACKAGE_NAME "libnl"
| #define PACKAGE_TARNAME "libnl"
| #define PACKAGE_VERSION "3.5.0"
| #define PACKAGE_STRING "libnl 3.5.0"
| #define PACKAGE_BUGREPORT ""
| #define PACKAGE_URL "http://www.infradead.org/~tgr/libnl/"
| #define PACKAGE "libnl"
| #define VERSION "3.5.0"
| /* end confdefs.h.  */
| #include <ac_nonexistent.h>
configure:8412: checking for ANSI C header files
configure:8432: x86_64-linux-android-clang  --sysroot /usr/x86_64-linux-android-4.9/sysroot -c -g -O2  conftest.c >&5
configure:8432: $? = 0
configure:8516: result: yes
configure:8529: checking for sys/types.h
configure:8529: x86_64-linux-android-clang  --sysroot /usr/x86_64-linux-android-4.9/sysroot -c -g -O2  conftest.c >&5
configure:8529: $? = 0
configure:8529: result: yes
configure:8529: checking for sys/stat.h
configure:8529: x86_64-linux-android-clang  --sysroot /usr/x86_64-linux-android-4.9/sysroot -c -g -O2  conftest.c >&5
configure:8529: $? = 0
configure:8529: result: yes
configure:8529: checking for stdlib.h
configure:8529: x86_64-linux-android-clang  --sysroot /usr/x86_64-linux-android-4.9/sysroot -c -g -O2  conftest.c >&5
configure:8529: $? = 0
configure:8529: result: yes
configure:8529: checking for string.h
configure:8529: x86_64-linux-android-clang  --sysroot /usr/x86_64-linux-android-4.9/sysroot -c -g -O2  conftest.c >&5
configure:8529: $? = 0
configure:8529: result: yes
configure:8529: checking for memory.h
configure:8529: x86_64-linux-android-clang  --sysroot /usr/x86_64-linux-android-4.9/sysroot -c -g -O2  conftest.c >&5
configure:8529: $? = 0
configure:8529: result: yes
configure:8529: checking for strings.h
configure:8529: x86_64-linux-android-clang  --sysroot /usr/x86_64-linux-android-4.9/sysroot -c -g -O2  conftest.c >&5
configure:8529: $? = 0
configure:8529: result: yes
configure:8529: checking for inttypes.h
configure:8529: x86_64-linux-android-clang  --sysroot /usr/x86_64-linux-android-4.9/sysroot -c -g -O2  conftest.c >&5
configure:8529: $? = 0
configure:8529: result: yes
configure:8529: checking for stdint.h
configure:8529: x86_64-linux-android-clang  --sysroot /usr/x86_64-linux-android-4.9/sysroot -c -g -O2  conftest.c >&5
configure:8529: $? = 0
configure:8529: result: yes
configure:8529: checking for unistd.h
configure:8529: x86_64-linux-android-clang  --sysroot /usr/x86_64-linux-android-4.9/sysroot -c -g -O2  conftest.c >&5
configure:8529: $? = 0
configure:8529: result: yes
configure:8543: checking for dlfcn.h
configure:8543: x86_64-linux-android-clang  --sysroot /usr/x86_64-linux-android-4.9/sysroot -c -g -O2  conftest.c >&5
configure:8543: $? = 0
configure:8543: result: yes
configure:8799: checking for objdir
configure:8814: result: .libs
configure:9078: checking if x86_64-linux-android-clang  --sysroot /usr/x86_64-linux-android-4.9/sysroot supports -fno-rtti -fno-exceptions
configure:9096: x86_64-linux-android-clang  --sysroot /usr/x86_64-linux-android-4.9/sysroot -c -g -O2  -fno-rtti -fno-exceptions conftest.c >&5
configure:9100: $? = 0
configure:9113: result: yes
configure:9471: checking for x86_64-linux-android-clang  --sysroot /usr/x86_64-linux-android-4.9/sysroot option to produce PIC
configure:9478: result: -fPIC -DPIC
configure:9486: checking if x86_64-linux-android-clang  --sysroot /usr/x86_64-linux-android-4.9/sysroot PIC flag -fPIC -DPIC works
configure:9504: x86_64-linux-android-clang  --sysroot /usr/x86_64-linux-android-4.9/sysroot -c -g -O2  -fPIC -DPIC -DPIC conftest.c >&5
configure:9508: $? = 0
configure:9521: result: yes
configure:9550: checking if x86_64-linux-android-clang  --sysroot /usr/x86_64-linux-android-4.9/sysroot static flag -static works
configure:9578: result: yes
configure:9593: checking if x86_64-linux-android-clang  --sysroot /usr/x86_64-linux-android-4.9/sysroot supports -c -o file.o
configure:9614: x86_64-linux-android-clang  --sysroot /usr/x86_64-linux-android-4.9/sysroot -c -g -O2  -o out/conftest2.o conftest.c >&5
configure:9618: $? = 0
configure:9640: result: yes
configure:9648: checking if x86_64-linux-android-clang  --sysroot /usr/x86_64-linux-android-4.9/sysroot supports -c -o file.o
configure:9695: result: yes
configure:9728: checking whether the x86_64-linux-android-clang  --sysroot /usr/x86_64-linux-android-4.9/sysroot linker (/usr/x86_64-linux-android-4.9/x86_64-linux-android/bin/ld -m elf_x86_64) supports shared libraries
configure:10987: result: yes
configure:11227: checking dynamic linker characteristics
configure:12048: result: Android linker
configure:12170: checking how to hardcode library paths into programs
configure:12195: result: immediate
configure:12743: checking whether stripping libraries is possible
configure:12748: result: yes
configure:12783: checking if libtool supports shared libraries
configure:12785: result: yes
configure:12788: checking whether to build shared libraries
configure:12813: result: no
configure:12816: checking whether to build static libraries
configure:12820: result: yes
configure:9651: checking for flex
configure:9667: found /usr/bin/flex
configure:9678: result: flex
configure:9693: checking for bison
configure:9709: found /usr/bin/bison
configure:9720: result: bison -y
configure:9732: checking for an ANSI C-conforming const
configure:9798: x86_64-linux-android-clang  --sysroot /usr/x86_64-linux-android-4.9/sysroot -c -g -O2  conftest.c >&5
configure:9798: $? = 0
configure:9805: result: yes
configure:9813: checking for inline
configure:9829: x86_64-linux-android-clang  --sysroot /usr/x86_64-linux-android-4.9/sysroot -c -g -O2  conftest.c >&5
configure:9829: $? = 0
configure:9837: result: inline
configure:9867: checking for x86_64-linux-android-pkg-config
configure:9900: result: no
configure:9910: checking for pkg-config
configure:9928: found /usr/bin/pkg-config
configure:9940: result: /usr/bin/pkg-config
configure:9952: WARNING: using cross tools not prefixed with host triplet
configure:9965: checking pkg-config is at least version 0.9.0
configure:9968: result: yes
configure:9978: checking for CHECK
configure:9985: $PKG_CONFIG --exists --print-errors "check >= 0.9.0"
Package check was not found in the pkg-config search path.
Perhaps you should add the directory containing `check.pc'
to the PKG_CONFIG_PATH environment variable
No package 'check' found
configure:9988: $? = 1
configure:10002: $PKG_CONFIG --exists --print-errors "check >= 0.9.0"
Package check was not found in the pkg-config search path.
Perhaps you should add the directory containing `check.pc'
to the PKG_CONFIG_PATH environment variable
No package 'check' found
configure:10005: $? = 1
configure:10019: result: no
No package 'check' found
configure:10035: WARNING: *** Disabling building of unit tests
configure:10109: checking for dlfcn.h
configure:10109: result: yes
configure:10209: checking for strerror_l
configure:10209: x86_64-linux-android-clang  --sysroot /usr/x86_64-linux-android-4.9/sysroot -o conftest -g -O2   conftest.c  >&5
configure:10209: $? = 0
configure:10209: result: yes
configure:10338: checking that generated files are newer than configure
configure:10344: result: done
configure:10391: creating ./config.status

## ---------------------- ##
## Running config.status. ##
## ---------------------- ##

This file was extended by libnl config.status 3.5.0, which was
generated by GNU Autoconf 2.69.  Invocation command line was

  CONFIG_FILES    = 
  CONFIG_HEADERS  = 
  CONFIG_LINKS    = 
  CONFIG_COMMANDS = 
  $ ./config.status 

on 57e6a01dd40e

config.status:1119: creating Makefile
config.status:1119: creating libnl-3.0.pc
config.status:1119: creating libnl-route-3.0.pc
config.status:1119: creating libnl-genl-3.0.pc
config.status:1119: creating libnl-nf-3.0.pc
config.status:1119: creating libnl-cli-3.0.pc
config.status:1119: creating libnl-xfrm-3.0.pc
config.status:1119: creating libnl-idiag-3.0.pc
config.status:1119: creating python/setup.py
config.status:1119: creating include/netlink/version.h
config.status:1119: creating lib/defs.h
config.status:1348: executing depfiles commands
config.status:1425: cd .       && sed -e '/# am--include-marker/d' Makefile         | make -f - am--depfiles
config.status:1430: $? = 0
config.status:1348: executing libtool commands

## ---------------- ##
## Cache variables. ##
## ---------------- ##

ac_cv_build=x86_64-pc-linux-gnu
ac_cv_c_compiler_gnu=yes
ac_cv_c_const=yes
ac_cv_c_inline=inline
ac_cv_env_CC_set=set
ac_cv_env_CC_value='x86_64-linux-android-clang  --sysroot /usr/x86_64-linux-android-4.9/sysroot'
ac_cv_env_CFLAGS_set=
ac_cv_env_CFLAGS_value=
ac_cv_env_CHECK_CFLAGS_set=
ac_cv_env_CHECK_CFLAGS_value=
ac_cv_env_CHECK_LIBS_set=
ac_cv_env_CHECK_LIBS_value=
ac_cv_env_CPPFLAGS_set=
ac_cv_env_CPPFLAGS_value=
ac_cv_env_CPP_set=
ac_cv_env_CPP_value=
ac_cv_env_LDFLAGS_set=
ac_cv_env_LDFLAGS_value=
ac_cv_env_LIBS_set=
ac_cv_env_LIBS_value=
ac_cv_env_LT_SYS_LIBRARY_PATH_set=
ac_cv_env_LT_SYS_LIBRARY_PATH_value=
ac_cv_env_PKG_CONFIG_LIBDIR_set=
ac_cv_env_PKG_CONFIG_LIBDIR_value=
ac_cv_env_PKG_CONFIG_PATH_set=set
ac_cv_env_PKG_CONFIG_PATH_value=/build/target/lib/pkgconfig
ac_cv_env_PKG_CONFIG_set=
ac_cv_env_PKG_CONFIG_value=
ac_cv_env_build_alias_set=
ac_cv_env_build_alias_value=
ac_cv_env_host_alias_set=set
ac_cv_env_host_alias_value=x86_64-linux-android
ac_cv_env_target_alias_set=
ac_cv_env_target_alias_value=
ac_cv_func_strerror_l=yes
ac_cv_header_dlfcn_h=yes
ac_cv_header_inttypes_h=yes
ac_cv_header_memory_h=yes
ac_cv_header_stdc=yes
ac_cv_header_stdint_h=yes
ac_cv_header_stdlib_h=yes
ac_cv_header_string_h=yes
ac_cv_header_strings_h=yes
ac_cv_header_sys_stat_h=yes
ac_cv_header_sys_types_h=yes
ac_cv_header_unistd_h=yes
ac_cv_host=x86_64-pc-linux-android
ac_cv_objext=o
ac_cv_path_EGREP='/bin/grep -E'
ac_cv_path_FGREP='/bin/grep -F'
ac_cv_path_GREP=/bin/grep
ac_cv_path_SED=/bin/sed
ac_cv_path_ac_pt_PKG_CONFIG=/usr/bin/pkg-config
ac_cv_path_install='/usr/bin/install -c'
ac_cv_path_lt_DD=/bin/dd
ac_cv_path_mkdir=/bin/mkdir
ac_cv_prog_AR=x86_64-linux-android-ar
ac_cv_prog_AWK=mawk
ac_cv_prog_CC='x86_64-linux-android-clang  --sysroot /usr/x86_64-linux-android-4.9/sysroot'
ac_cv_prog_CPP='x86_64-linux-android-clang  --sysroot /usr/x86_64-linux-android-4.9/sysroot -E'
ac_cv_prog_FLEX=flex
ac_cv_prog_OBJDUMP=x86_64-linux-android-objdump
ac_cv_prog_RANLIB=x86_64-linux-android-ranlib
ac_cv_prog_STRIP=x86_64-linux-android-strip
ac_cv_prog_YACC='bison -y'
ac_cv_prog_cc_c89=
ac_cv_prog_cc_g=yes
ac_cv_prog_make_make_set=yes
am_cv_CC_dependencies_compiler_type=gcc3
am_cv_ar_interface=ar
am_cv_make_support_nested_variables=yes
am_cv_prog_cc_c_o=yes
lt_cv_ar_at_file=@
lt_cv_deplibs_check_method=pass_all
lt_cv_file_magic_cmd='$MAGIC_CMD'
lt_cv_file_magic_test_file=
lt_cv_ld_reload_flag=-r
lt_cv_nm_interface='BSD nm'
lt_cv_objdir=.libs
lt_cv_path_LD=/usr/x86_64-linux-android-4.9/x86_64-linux-android/bin/ld
lt_cv_path_NM='/usr/x86_64-linux-android-4.9/bin/x86_64-linux-android-nm -B'
lt_cv_path_mainfest_tool=no
lt_cv_prog_compiler_c_o=yes
lt_cv_prog_compiler_pic='-fPIC -DPIC'
lt_cv_prog_compiler_pic_works=yes
lt_cv_prog_compiler_rtti_exceptions=yes
lt_cv_prog_compiler_static_works=yes
lt_cv_prog_gnu_ld=yes
lt_cv_sharedlib_from_linklib_cmd='printf %s\n'
lt_cv_sys_global_symbol_pipe='sed -n -e '\''s/^.*[	 ]\([ABCDGIRSTW][ABCDGIRSTW]*\)[	 ][	 ]*\([_A-Za-z][_A-Za-z0-9]*\)$/\1 \2 \2/p'\'' | sed '\''/ __gnu_lto/d'\'''
lt_cv_sys_global_symbol_to_c_name_address='sed -n -e '\''s/^: \(.*\) .*$/  {"\1", (void *) 0},/p'\'' -e '\''s/^[ABCDGIRSTW][ABCDGIRSTW]* .* \(.*\)$/  {"\1", (void *) \&\1},/p'\'''
lt_cv_sys_global_symbol_to_c_name_address_lib_prefix='sed -n -e '\''s/^: \(.*\) .*$/  {"\1", (void *) 0},/p'\'' -e '\''s/^[ABCDGIRSTW][ABCDGIRSTW]* .* \(lib.*\)$/  {"\1", (void *) \&\1},/p'\'' -e '\''s/^[ABCDGIRSTW][ABCDGIRSTW]* .* \(.*\)$/  {"lib\1", (void *) \&\1},/p'\'''
lt_cv_sys_global_symbol_to_cdecl='sed -n -e '\''s/^T .* \(.*\)$/extern int \1();/p'\'' -e '\''s/^[ABCDGIRSTW][ABCDGIRSTW]* .* \(.*\)$/extern char \1;/p'\'''
lt_cv_sys_global_symbol_to_import=
lt_cv_sys_max_cmd_len=1572864
lt_cv_to_host_file_cmd=func_convert_file_noop
lt_cv_to_tool_file_cmd=func_convert_file_noop
lt_cv_truncate_bin='/bin/dd bs=4096 count=1'

## ----------------- ##
## Output variables. ##
## ----------------- ##

ACLOCAL='${SHELL} /build/libnl/build-aux/missing aclocal-1.16'
AMDEPBACKSLASH='\'
AMDEP_FALSE='#'
AMDEP_TRUE=''
AMTAR='$${TAR-tar}'
AM_BACKSLASH='\'
AM_DEFAULT_V='$(AM_DEFAULT_VERBOSITY)'
AM_DEFAULT_VERBOSITY='0'
AM_V='$(V)'
AR='x86_64-linux-android-ar'
AUTOCONF='${SHELL} /build/libnl/build-aux/missing autoconf'
AUTOHEADER='${SHELL} /build/libnl/build-aux/missing autoheader'
AUTOMAKE='${SHELL} /build/libnl/build-aux/missing automake-1.16'
AWK='mawk'
CC='x86_64-linux-android-clang  --sysroot /usr/x86_64-linux-android-4.9/sysroot'
CCDEPMODE='depmode=gcc3'
CFLAGS='-g -O2'
CHECK_CFLAGS=''
CHECK_LIBS=''
CPP='x86_64-linux-android-clang  --sysroot /usr/x86_64-linux-android-4.9/sysroot -E'
CPPFLAGS=''
CYGPATH_W='echo'
DEFS='-DHAVE_CONFIG_H'
DEPDIR='.deps'
DISABLE_PTHREADS_FALSE='#'
DISABLE_PTHREADS_TRUE=''
DLLTOOL='false'
DSYMUTIL=''
DUMPBIN=''
ECHO_C=''
ECHO_N='-n'
ECHO_T=''
EGREP='/bin/grep -E'
ENABLE_CLI_FALSE='#'
ENABLE_CLI_INSTALL_BIN_FALSE='#'
ENABLE_CLI_INSTALL_BIN_TRUE=''
ENABLE_CLI_INSTALL_SBIN_FALSE=''
ENABLE_CLI_INSTALL_SBIN_TRUE='#'
ENABLE_CLI_TRUE=''
EXEEXT=''
FGREP='/bin/grep -F'
FLEX='flex'
GREP='/bin/grep'
INSTALL_DATA='${INSTALL} -m 644'
INSTALL_PROGRAM='${INSTALL}'
INSTALL_SCRIPT='${INSTALL}'
INSTALL_STRIP_PROGRAM='$(install_sh) -c -s'
LD='/usr/x86_64-linux-android-4.9/x86_64-linux-android/bin/ld -m elf_x86_64'
LDFLAGS=''
LIBNL_VERSION='3.5.0'
LIBOBJS=''
LIBS=''
LIBTOOL='$(SHELL) $(top_builddir)/libtool'
LIPO=''
LN_S='ln -s'
LTLIBOBJS=''
LT_AGE='26'
LT_CURRENT='226'
LT_REVISION='0'
LT_SYS_LIBRARY_PATH=''
MAJ_VERSION='3'
MAKEINFO='${SHELL} /build/libnl/build-aux/missing makeinfo'
MANIFEST_TOOL=':'
MIC_VERSION='0'
MIN_VERSION='5'
MKDIR_P='/bin/mkdir -p'
NM='/usr/x86_64-linux-android-4.9/bin/x86_64-linux-android-nm -B'
NMEDIT=''
OBJDUMP='x86_64-linux-android-objdump'
OBJEXT='o'
OTOOL64=''
OTOOL=''
PACKAGE='libnl'
PACKAGE_BUGREPORT=''
PACKAGE_NAME='libnl'
PACKAGE_STRING='libnl 3.5.0'
PACKAGE_TARNAME='libnl'
PACKAGE_URL='http://www.infradead.org/~tgr/libnl/'
PACKAGE_VERSION='3.5.0'
PATH_SEPARATOR=':'
PKG_CONFIG='/usr/bin/pkg-config'
PKG_CONFIG_LIBDIR=''
PKG_CONFIG_PATH='/build/target/lib/pkgconfig'
RANLIB='x86_64-linux-android-ranlib'
SED='/bin/sed'
SET_MAKE=''
SHELL='/bin/bash'
STRIP='x86_64-linux-android-strip'
VERSION='3.5.0'
WITH_CHECK_FALSE=''
WITH_CHECK_TRUE='#'
YACC='bison -y'
ac_ct_AR=''
ac_ct_CC=''
ac_ct_DUMPBIN=''
am__EXEEXT_FALSE=''
am__EXEEXT_TRUE='#'
am__fastdepCC_FALSE='#'
am__fastdepCC_TRUE=''
am__include='include'
am__isrc=''
am__leading_dot='.'
am__nodep='_no'
am__quote=''
am__tar='$${TAR-tar} chof - "$$tardir"'
am__untar='$${TAR-tar} xf -'
bindir='${exec_prefix}/bin'
build='x86_64-pc-linux-gnu'
build_alias=''
build_cpu='x86_64'
build_os='linux-gnu'
build_vendor='pc'
datadir='${datarootdir}'
datarootdir='${prefix}/share'
docdir='${datarootdir}/doc/${PACKAGE_TARNAME}'
dvidir='${docdir}'
exec_prefix='${prefix}'
host='x86_64-pc-linux-android'
host_alias='x86_64-linux-android'
host_cpu='x86_64'
host_os='linux-android'
host_vendor='pc'
htmldir='${docdir}'
includedir='${prefix}/include'
infodir='${datarootdir}/info'
install_sh='${SHELL} /build/libnl/build-aux/install-sh'
libdir='${exec_prefix}/lib'
libexecdir='${exec_prefix}/libexec'
localedir='${datarootdir}/locale'
localstatedir='${prefix}/var'
mandir='${datarootdir}/man'
mkdir_p='$(MKDIR_P)'
oldincludedir='/usr/include'
pdfdir='${docdir}'
pkgconfigdir='${libdir}/pkgconfig'
prefix='/build/libnl/../target'
program_transform_name='s,x,x,'
psdir='${docdir}'
sbindir='${exec_prefix}/sbin'
sharedstatedir='${prefix}/com'
subdirs=' doc'
sysconfdir='${prefix}/etc'
target_alias=''

## ----------- ##
## confdefs.h. ##
## ----------- ##

/* confdefs.h */
#define PACKAGE_NAME "libnl"
#define PACKAGE_TARNAME "libnl"
#define PACKAGE_VERSION "3.5.0"
#define PACKAGE_STRING "libnl 3.5.0"
#define PACKAGE_BUGREPORT ""
#define PACKAGE_URL "http://www.infradead.org/~tgr/libnl/"
#define PACKAGE "libnl"
#define VERSION "3.5.0"
#define STDC_HEADERS 1
#define HAVE_SYS_TYPES_H 1
#define HAVE_SYS_STAT_H 1
#define HAVE_STDLIB_H 1
#define HAVE_STRING_H 1
#define HAVE_MEMORY_H 1
#define HAVE_STRINGS_H 1
#define HAVE_INTTYPES_H 1
#define HAVE_STDINT_H 1
#define HAVE_UNISTD_H 1
#define HAVE_DLFCN_H 1
#define LT_OBJDIR ".libs/"
#define HAVE_DLFCN_H 1
#define DISABLE_PTHREADS 1
#define NL_DEBUG 1
#define HAVE_STRERROR_L 1

configure: exit 0
